--- 2022-10-09 19:25:40.286 [           main] ERROR           org.moqui.impl.context.ElasticFacadeImpl [] []
 Error initializing ElasticClient for cluster default: java.util.concurrent.ExecutionException: java.net.ConnectException: Connection refused
--- 2022-10-09 19:26:01.395 [           main] ERROR           org.moqui.impl.context.ElasticFacadeImpl [] []
 Error initializing ElasticClient for cluster default: java.util.concurrent.ExecutionException: java.net.ConnectException: Connection refused
--- 2022-10-09 19:26:01.568 [           main] ERROR      org.moqui.impl.webapp.ElasticRequestLogFilter [] []
 In ElasticRequestLogFilter init could not find ElasticClient with name logger or default, not starting
--- 2022-10-09 19:26:39.452 [qtp691098155-24] ERROR                   org.moqui.impl.actions.XmlAction [] []
 Error running groovy script (groovy.lang.MissingPropertyException: No such property: jobWorkerPool for class: org.moqui.impl.service.ServiceFacadeImpl): 
1 : import static org.moqui.util.ObjectUtilities.*
2 : import static org.moqui.util.CollectionUtilities.*
3 : import static org.moqui.util.StringUtilities.*
4 : import java.sql.Timestamp
5 : // these are in the context by default: ExecutionContext ec, Map<String, Object> context, Map<String, Object> result
6 :     smap = (ec.factory.getStatusMap(true))
7 :     loadPercent = ((smap.Utilization.LoadPercent as BigDecimal).setScale(1, BigDecimal.ROUND_HALF_UP))
8 :     heapPercent = ((smap.Utilization.HeapPercent as BigDecimal).setScale(1, BigDecimal.ROUND_HALF_UP))
9 :     diskPercent = ((smap.Utilization.DiskPercent as BigDecimal).setScale(1, BigDecimal.ROUND_HALF_UP))
10 :     componentInfoList = (orderMapList(ec.factory.getComponentInfoList(), ['^name']))
11 :     runtimeVersionMap = (ec.factory.versionMap)
12 :     workerPool = (ec.factory.workerPool)
13 :     jobWorkerPool = (ec.service.jobWorkerPool)
14 :     esClientList = (ec.elastic.getClientList())
15 :     esServerInfoList = ([])
16 :         esClient_index = 0
17 :         _esClientIterator = esClientList.iterator()
18 :         while (_esClientIterator.hasNext()) {
19 :             esClient = _esClientIterator.next()
20 :             esClient_has_next = _esClientIterator.hasNext()
21 : 
22 : // begin inline script
23 : try {
24 :                     esServerInfo = esClient.getServerInfo()
25 :                     if (esServerInfo) {
26 :                         esServerInfo.clientClusterName = esClient.getClusterName()
27 :                         esServerInfo.clusterLocation = esClient.getClusterLocation()
28 :                         esServerInfoList.add(esServerInfo)
29 :                     }
30 :                 } catch (Throwable t) {
31 :                     ec.logger.error("Error getting info for Elastic Client", t)
32 :                     esServerInfoList.add([clientClusterName:esClient.getClusterName(),
33 :                         clusterLocation:esClient.getClusterLocation(), name:t.toString(), cluster_name:'ERROR'])
34 :                 }
35 : // end inline script
36 :             esClient_index++
37 :         }
38 :         if (esClientList instanceof org.moqui.entity.EntityListIterator) esClientList.close()
39 :     
40 : // make sure the last statement is not considered the return value
41 : return;


--- 2022-10-09 19:26:39.453 [qtp691098155-24] ERROR                 org.moqui.impl.webapp.MoquiServlet [] []
 Internal error processing request: java.lang.RuntimeException: Error rendering screen [component://tools/screen/System/dashboard.xml]
java.lang.RuntimeException: Error rendering screen [component://tools/screen/System/dashboard.xml]
	at org.moqui.impl.screen.ScreenRenderImpl.doActualRender(ScreenRenderImpl.groovy:952) ~[moqui_temp7142349977214461318WEB-INF_lib_moqui-framework-3.0.0.jar.:3.0.0]
	at org.moqui.impl.screen.ScreenRenderImpl.internalRender(ScreenRenderImpl.groovy:710) ~[moqui_temp7142349977214461318WEB-INF_lib_moqui-framework-3.0.0.jar.:3.0.0]
	at org.moqui.impl.screen.ScreenRenderImpl.render(ScreenRenderImpl.groovy:170) ~[moqui_temp7142349977214461318WEB-INF_lib_moqui-framework-3.0.0.jar.:3.0.0]
	at org.moqui.impl.webapp.MoquiServlet.service(MoquiServlet.groovy:118) ~[moqui_temp7142349977214461318WEB-INF_lib_moqui-framework-3.0.0.jar.:3.0.0]
	at javax.servlet.http.HttpServlet.service(HttpServlet.java:750) ~[moqui_temp7297073997264228176WEB-INF_lib_javax.servlet-api-4.0.1.jar.:4.0.1]
	at org.eclipse.jetty.servlet.ServletHolder$NotAsync.service(ServletHolder.java:1410) ~[moqui_temp1947083271671893952execlib_jetty-servlet-10.0.9.jar.:10.0.9]
	at org.eclipse.jetty.servlet.ServletHolder.handle(ServletHolder.java:764) ~[moqui_temp1947083271671893952execlib_jetty-servlet-10.0.9.jar.:10.0.9]
	at org.eclipse.jetty.servlet.ServletHandler$ChainEnd.doFilter(ServletHandler.java:1630) ~[moqui_temp1947083271671893952execlib_jetty-servlet-10.0.9.jar.:10.0.9]
	at org.eclipse.jetty.websocket.servlet.WebSocketUpgradeFilter.doFilter(WebSocketUpgradeFilter.java:170) ~[moqui_temp4000890183873182581execlib_websocket-servlet-10.0.9.jar.:10.0.9]
	at org.eclipse.jetty.servlet.FilterHolder.doFilter(FilterHolder.java:202) ~[moqui_temp1947083271671893952execlib_jetty-servlet-10.0.9.jar.:10.0.9]
	at org.eclipse.jetty.servlet.ServletHandler$Chain.doFilter(ServletHandler.java:1600) ~[moqui_temp1947083271671893952execlib_jetty-servlet-10.0.9.jar.:10.0.9]
	at org.moqui.impl.webapp.ElasticRequestLogFilter.doFilter(ElasticRequestLogFilter.groovy:96) ~[moqui_temp7142349977214461318WEB-INF_lib_moqui-framework-3.0.0.jar.:3.0.0]
	at org.eclipse.jetty.servlet.FilterHolder.doFilter(FilterHolder.java:202) ~[moqui_temp1947083271671893952execlib_jetty-servlet-10.0.9.jar.:10.0.9]
	at org.eclipse.jetty.servlet.ServletHandler$Chain.doFilter(ServletHandler.java:1600) ~[moqui_temp1947083271671893952execlib_jetty-servlet-10.0.9.jar.:10.0.9]
	at org.eclipse.jetty.servlet.ServletHandler.doHandle(ServletHandler.java:506) ~[moqui_temp1947083271671893952execlib_jetty-servlet-10.0.9.jar.:10.0.9]
	at org.eclipse.jetty.server.handler.ScopedHandler.handle(ScopedHandler.java:131) ~[moqui_temp10237473577225433008execlib_jetty-server-10.0.9.jar.:10.0.9]
	at org.eclipse.jetty.security.SecurityHandler.handle(SecurityHandler.java:578) ~[moqui_temp14370240188303965212execlib_jetty-security-10.0.9.jar.:10.0.9]
	at org.eclipse.jetty.server.handler.HandlerWrapper.handle(HandlerWrapper.java:122) ~[moqui_temp10237473577225433008execlib_jetty-server-10.0.9.jar.:10.0.9]
	at org.eclipse.jetty.server.handler.ScopedHandler.nextHandle(ScopedHandler.java:223) ~[moqui_temp10237473577225433008execlib_jetty-server-10.0.9.jar.:10.0.9]
	at org.eclipse.jetty.server.session.SessionHandler.doHandle(SessionHandler.java:1571) ~[moqui_temp10237473577225433008execlib_jetty-server-10.0.9.jar.:10.0.9]
	at org.eclipse.jetty.server.handler.ScopedHandler.nextHandle(ScopedHandler.java:221) ~[moqui_temp10237473577225433008execlib_jetty-server-10.0.9.jar.:10.0.9]
	at org.eclipse.jetty.server.handler.ContextHandler.doHandle(ContextHandler.java:1378) ~[moqui_temp10237473577225433008execlib_jetty-server-10.0.9.jar.:10.0.9]
	at org.eclipse.jetty.server.handler.ScopedHandler.nextScope(ScopedHandler.java:176) ~[moqui_temp10237473577225433008execlib_jetty-server-10.0.9.jar.:10.0.9]
	at org.eclipse.jetty.servlet.ServletHandler.doScope(ServletHandler.java:463) ~[moqui_temp1947083271671893952execlib_jetty-servlet-10.0.9.jar.:10.0.9]
	at org.eclipse.jetty.server.session.SessionHandler.doScope(SessionHandler.java:1544) ~[moqui_temp10237473577225433008execlib_jetty-server-10.0.9.jar.:10.0.9]
	at org.eclipse.jetty.server.handler.ScopedHandler.nextScope(ScopedHandler.java:174) ~[moqui_temp10237473577225433008execlib_jetty-server-10.0.9.jar.:10.0.9]
	at org.eclipse.jetty.server.handler.ContextHandler.doScope(ContextHandler.java:1300) ~[moqui_temp10237473577225433008execlib_jetty-server-10.0.9.jar.:10.0.9]
	at org.eclipse.jetty.server.handler.ScopedHandler.handle(ScopedHandler.java:129) ~[moqui_temp10237473577225433008execlib_jetty-server-10.0.9.jar.:10.0.9]
	at org.eclipse.jetty.server.handler.gzip.GzipHandler.handle(GzipHandler.java:717) ~[moqui_temp10237473577225433008execlib_jetty-server-10.0.9.jar.:10.0.9]
	at org.eclipse.jetty.server.handler.HandlerWrapper.handle(HandlerWrapper.java:122) ~[moqui_temp10237473577225433008execlib_jetty-server-10.0.9.jar.:10.0.9]
	at org.eclipse.jetty.server.Server.handle(Server.java:562) ~[moqui_temp10237473577225433008execlib_jetty-server-10.0.9.jar.:10.0.9]
	at org.eclipse.jetty.server.HttpChannel.lambda$handle$0(HttpChannel.java:505) ~[moqui_temp10237473577225433008execlib_jetty-server-10.0.9.jar.:10.0.9]
	at org.eclipse.jetty.server.HttpChannel.dispatch(HttpChannel.java:762) ~[moqui_temp10237473577225433008execlib_jetty-server-10.0.9.jar.:10.0.9]
	at org.eclipse.jetty.server.HttpChannel.handle(HttpChannel.java:497) ~[moqui_temp10237473577225433008execlib_jetty-server-10.0.9.jar.:10.0.9]
	at org.eclipse.jetty.server.HttpConnection.onFillable(HttpConnection.java:282) ~[moqui_temp10237473577225433008execlib_jetty-server-10.0.9.jar.:10.0.9]
	at org.eclipse.jetty.io.AbstractConnection$ReadCallback.succeeded(AbstractConnection.java:319) ~[moqui_temp9492663087228589720WEB-INF_lib_jetty-io-10.0.9.jar.:10.0.9]
	at org.eclipse.jetty.io.FillInterest.fillable(FillInterest.java:100) ~[moqui_temp9492663087228589720WEB-INF_lib_jetty-io-10.0.9.jar.:10.0.9]
	at org.eclipse.jetty.io.SelectableChannelEndPoint$1.run(SelectableChannelEndPoint.java:53) ~[moqui_temp9492663087228589720WEB-INF_lib_jetty-io-10.0.9.jar.:10.0.9]
	at org.eclipse.jetty.util.thread.strategy.AdaptiveExecutionStrategy.runTask(AdaptiveExecutionStrategy.java:412) ~[moqui_temp6992729702887848520WEB-INF_lib_jetty-util-10.0.9.jar.:10.0.9]
	at org.eclipse.jetty.util.thread.strategy.AdaptiveExecutionStrategy.consumeTask(AdaptiveExecutionStrategy.java:381) ~[moqui_temp6992729702887848520WEB-INF_lib_jetty-util-10.0.9.jar.:10.0.9]
	at org.eclipse.jetty.util.thread.strategy.AdaptiveExecutionStrategy.tryProduce(AdaptiveExecutionStrategy.java:268) ~[moqui_temp6992729702887848520WEB-INF_lib_jetty-util-10.0.9.jar.:10.0.9]
	at org.eclipse.jetty.util.thread.strategy.AdaptiveExecutionStrategy.lambda$new$0(AdaptiveExecutionStrategy.java:138) ~[moqui_temp6992729702887848520WEB-INF_lib_jetty-util-10.0.9.jar.:10.0.9]
	at org.eclipse.jetty.util.thread.ReservedThreadExecutor$ReservedThread.run(ReservedThreadExecutor.java:407) ~[moqui_temp6992729702887848520WEB-INF_lib_jetty-util-10.0.9.jar.:10.0.9]
	at org.eclipse.jetty.util.thread.QueuedThreadPool.runJob(QueuedThreadPool.java:894) ~[moqui_temp6992729702887848520WEB-INF_lib_jetty-util-10.0.9.jar.:10.0.9]
	at org.eclipse.jetty.util.thread.QueuedThreadPool$Runner.run(QueuedThreadPool.java:1038) ~[moqui_temp6992729702887848520WEB-INF_lib_jetty-util-10.0.9.jar.:10.0.9]
	at java.lang.Thread.run(Thread.java:829) ~[?:?]
Caused by: groovy.lang.MissingPropertyException: No such property: jobWorkerPool for class: org.moqui.impl.service.ServiceFacadeImpl
	at org.codehaus.groovy.runtime.ScriptBytecodeAdapter.unwrap(ScriptBytecodeAdapter.java:65) ~[moqui_temp48924531612627254WEB-INF_lib_groovy-3.0.9.jar.:3.0.9]
	at org.codehaus.groovy.runtime.callsite.GetEffectivePogoPropertySite.getProperty(GetEffectivePogoPropertySite.java:87) ~[moqui_temp48924531612627254WEB-INF_lib_groovy-3.0.9.jar.:3.0.9]
	at org.codehaus.groovy.runtime.callsite.AbstractCallSite.callGetProperty(AbstractCallSite.java:329) ~[moqui_temp48924531612627254WEB-INF_lib_groovy-3.0.9.jar.:3.0.9]
	at component___tools_screen_System_dashboard_xml_screen_actions.run(component___tools_screen_System_dashboard_xml_screen_actions:13) ~[?:?]
	at org.moqui.impl.actions.XmlAction.run(XmlAction.java:67) ~[moqui_temp7142349977214461318WEB-INF_lib_moqui-framework-3.0.0.jar.:3.0.0]
	at org.moqui.impl.screen.ScreenSection.renderSingle(ScreenSection.groovy:152) ~[moqui_temp7142349977214461318WEB-INF_lib_moqui-framework-3.0.0.jar.:3.0.0]
	at org.moqui.impl.screen.ScreenSection.render(ScreenSection.groovy:132) ~[moqui_temp7142349977214461318WEB-INF_lib_moqui-framework-3.0.0.jar.:3.0.0]
	at org.moqui.impl.screen.ScreenDefinition.render(ScreenDefinition.groovy:685) ~[moqui_temp7142349977214461318WEB-INF_lib_moqui-framework-3.0.0.jar.:3.0.0]
	at org.moqui.impl.screen.ScreenRenderImpl.doActualRender(ScreenRenderImpl.groovy:926) ~[moqui_temp7142349977214461318WEB-INF_lib_moqui-framework-3.0.0.jar.:3.0.0]
	... 45 more
--- 2022-10-09 19:34:10.724 [           main] ERROR           org.moqui.impl.context.ElasticFacadeImpl [] []
 Error initializing ElasticClient for cluster default: java.util.concurrent.ExecutionException: java.net.ConnectException: Connection refused
--- 2022-10-09 19:34:10.921 [           main] ERROR      org.moqui.impl.webapp.ElasticRequestLogFilter [] []
 In ElasticRequestLogFilter init could not find ElasticClient with name logger or default, not starting
--- 2022-10-09 19:35:12.020 [qtp691098155-17] ERROR                   org.moqui.impl.actions.XmlAction [] []
 Error running groovy script (org.moqui.BaseException: Error parsing XML from file:/home/rong/Documents/IAM-Document/training-moqui/moqui-framework-3.0.0/runtime/component/training/service/kienservice/KienServices.xml): 
1 : import static org.moqui.util.ObjectUtilities.*
2 : import static org.moqui.util.CollectionUtilities.*
3 : import static org.moqui.util.StringUtilities.*
4 : import java.sql.Timestamp
5 : // these are in the context by default: ExecutionContext ec, Map<String, Object> context, Map<String, Object> result
6 :     pageSize = (pageSize ?: 40)
7 :     knownServiceNames = (ec.service.knownServiceNames)
8 :     filteredServiceNames = (new ArrayList(knownServiceNames))
9 : 
10 : // begin inline script
11 : if (serviceName) {
12 :             Iterator theIterator = filteredServiceNames.iterator()
13 :             while (theIterator.hasNext()) {
14 :                 String curSn = (String) theIterator.next()
15 :                 if (!curSn.toUpperCase().contains(serviceName.toUpperCase())) theIterator.remove()
16 :             }
17 :         }
18 :         paginateList("filteredServiceNames", null, context)
19 : // end inline script
20 : // make sure the last statement is not considered the return value
21 : return;


--- 2022-10-09 19:35:12.021 [qtp691098155-17] ERROR                 org.moqui.impl.webapp.MoquiServlet [] []
 Internal error processing request: java.lang.RuntimeException: Error rendering screen [component://tools/screen/Tools/Service/ServiceReference.xml]
java.lang.RuntimeException: Error rendering screen [component://tools/screen/Tools/Service/ServiceReference.xml]
	at org.moqui.impl.screen.ScreenRenderImpl.doActualRender(ScreenRenderImpl.groovy:952) ~[moqui_temp5617948398888602235WEB-INF_lib_moqui-framework-3.0.0.jar.:3.0.0]
	at org.moqui.impl.screen.ScreenRenderImpl.internalRender(ScreenRenderImpl.groovy:710) ~[moqui_temp5617948398888602235WEB-INF_lib_moqui-framework-3.0.0.jar.:3.0.0]
	at org.moqui.impl.screen.ScreenRenderImpl.render(ScreenRenderImpl.groovy:170) ~[moqui_temp5617948398888602235WEB-INF_lib_moqui-framework-3.0.0.jar.:3.0.0]
	at org.moqui.impl.webapp.MoquiServlet.service(MoquiServlet.groovy:118) ~[moqui_temp5617948398888602235WEB-INF_lib_moqui-framework-3.0.0.jar.:3.0.0]
	at javax.servlet.http.HttpServlet.service(HttpServlet.java:750) ~[moqui_temp2796503123087417342WEB-INF_lib_javax.servlet-api-4.0.1.jar.:4.0.1]
	at org.eclipse.jetty.servlet.ServletHolder$NotAsync.service(ServletHolder.java:1410) ~[moqui_temp13485663793842690563execlib_jetty-servlet-10.0.9.jar.:10.0.9]
	at org.eclipse.jetty.servlet.ServletHolder.handle(ServletHolder.java:764) ~[moqui_temp13485663793842690563execlib_jetty-servlet-10.0.9.jar.:10.0.9]
	at org.eclipse.jetty.servlet.ServletHandler$ChainEnd.doFilter(ServletHandler.java:1630) ~[moqui_temp13485663793842690563execlib_jetty-servlet-10.0.9.jar.:10.0.9]
	at org.eclipse.jetty.websocket.servlet.WebSocketUpgradeFilter.doFilter(WebSocketUpgradeFilter.java:170) ~[moqui_temp12612753534644166141execlib_websocket-servlet-10.0.9.jar.:10.0.9]
	at org.eclipse.jetty.servlet.FilterHolder.doFilter(FilterHolder.java:202) ~[moqui_temp13485663793842690563execlib_jetty-servlet-10.0.9.jar.:10.0.9]
	at org.eclipse.jetty.servlet.ServletHandler$Chain.doFilter(ServletHandler.java:1600) ~[moqui_temp13485663793842690563execlib_jetty-servlet-10.0.9.jar.:10.0.9]
	at org.moqui.impl.webapp.ElasticRequestLogFilter.doFilter(ElasticRequestLogFilter.groovy:96) ~[moqui_temp5617948398888602235WEB-INF_lib_moqui-framework-3.0.0.jar.:3.0.0]
	at org.eclipse.jetty.servlet.FilterHolder.doFilter(FilterHolder.java:202) ~[moqui_temp13485663793842690563execlib_jetty-servlet-10.0.9.jar.:10.0.9]
	at org.eclipse.jetty.servlet.ServletHandler$Chain.doFilter(ServletHandler.java:1600) ~[moqui_temp13485663793842690563execlib_jetty-servlet-10.0.9.jar.:10.0.9]
	at org.eclipse.jetty.servlet.ServletHandler.doHandle(ServletHandler.java:506) ~[moqui_temp13485663793842690563execlib_jetty-servlet-10.0.9.jar.:10.0.9]
	at org.eclipse.jetty.server.handler.ScopedHandler.handle(ScopedHandler.java:131) ~[moqui_temp7125888972128876469execlib_jetty-server-10.0.9.jar.:10.0.9]
	at org.eclipse.jetty.security.SecurityHandler.handle(SecurityHandler.java:578) ~[moqui_temp6711996734866758789execlib_jetty-security-10.0.9.jar.:10.0.9]
	at org.eclipse.jetty.server.handler.HandlerWrapper.handle(HandlerWrapper.java:122) ~[moqui_temp7125888972128876469execlib_jetty-server-10.0.9.jar.:10.0.9]
	at org.eclipse.jetty.server.handler.ScopedHandler.nextHandle(ScopedHandler.java:223) ~[moqui_temp7125888972128876469execlib_jetty-server-10.0.9.jar.:10.0.9]
	at org.eclipse.jetty.server.session.SessionHandler.doHandle(SessionHandler.java:1571) ~[moqui_temp7125888972128876469execlib_jetty-server-10.0.9.jar.:10.0.9]
	at org.eclipse.jetty.server.handler.ScopedHandler.nextHandle(ScopedHandler.java:221) ~[moqui_temp7125888972128876469execlib_jetty-server-10.0.9.jar.:10.0.9]
	at org.eclipse.jetty.server.handler.ContextHandler.doHandle(ContextHandler.java:1378) ~[moqui_temp7125888972128876469execlib_jetty-server-10.0.9.jar.:10.0.9]
	at org.eclipse.jetty.server.handler.ScopedHandler.nextScope(ScopedHandler.java:176) ~[moqui_temp7125888972128876469execlib_jetty-server-10.0.9.jar.:10.0.9]
	at org.eclipse.jetty.servlet.ServletHandler.doScope(ServletHandler.java:463) ~[moqui_temp13485663793842690563execlib_jetty-servlet-10.0.9.jar.:10.0.9]
	at org.eclipse.jetty.server.session.SessionHandler.doScope(SessionHandler.java:1544) ~[moqui_temp7125888972128876469execlib_jetty-server-10.0.9.jar.:10.0.9]
	at org.eclipse.jetty.server.handler.ScopedHandler.nextScope(ScopedHandler.java:174) ~[moqui_temp7125888972128876469execlib_jetty-server-10.0.9.jar.:10.0.9]
	at org.eclipse.jetty.server.handler.ContextHandler.doScope(ContextHandler.java:1300) ~[moqui_temp7125888972128876469execlib_jetty-server-10.0.9.jar.:10.0.9]
	at org.eclipse.jetty.server.handler.ScopedHandler.handle(ScopedHandler.java:129) ~[moqui_temp7125888972128876469execlib_jetty-server-10.0.9.jar.:10.0.9]
	at org.eclipse.jetty.server.handler.gzip.GzipHandler.handle(GzipHandler.java:717) ~[moqui_temp7125888972128876469execlib_jetty-server-10.0.9.jar.:10.0.9]
	at org.eclipse.jetty.server.handler.HandlerWrapper.handle(HandlerWrapper.java:122) ~[moqui_temp7125888972128876469execlib_jetty-server-10.0.9.jar.:10.0.9]
	at org.eclipse.jetty.server.Server.handle(Server.java:562) ~[moqui_temp7125888972128876469execlib_jetty-server-10.0.9.jar.:10.0.9]
	at org.eclipse.jetty.server.HttpChannel.lambda$handle$0(HttpChannel.java:505) ~[moqui_temp7125888972128876469execlib_jetty-server-10.0.9.jar.:10.0.9]
	at org.eclipse.jetty.server.HttpChannel.dispatch(HttpChannel.java:762) ~[moqui_temp7125888972128876469execlib_jetty-server-10.0.9.jar.:10.0.9]
	at org.eclipse.jetty.server.HttpChannel.handle(HttpChannel.java:497) ~[moqui_temp7125888972128876469execlib_jetty-server-10.0.9.jar.:10.0.9]
	at org.eclipse.jetty.server.HttpConnection.onFillable(HttpConnection.java:282) ~[moqui_temp7125888972128876469execlib_jetty-server-10.0.9.jar.:10.0.9]
	at org.eclipse.jetty.io.AbstractConnection$ReadCallback.succeeded(AbstractConnection.java:319) ~[moqui_temp3738453243037007439WEB-INF_lib_jetty-io-10.0.9.jar.:10.0.9]
	at org.eclipse.jetty.io.FillInterest.fillable(FillInterest.java:100) ~[moqui_temp3738453243037007439WEB-INF_lib_jetty-io-10.0.9.jar.:10.0.9]
	at org.eclipse.jetty.io.SelectableChannelEndPoint$1.run(SelectableChannelEndPoint.java:53) ~[moqui_temp3738453243037007439WEB-INF_lib_jetty-io-10.0.9.jar.:10.0.9]
	at org.eclipse.jetty.util.thread.strategy.AdaptiveExecutionStrategy.runTask(AdaptiveExecutionStrategy.java:412) ~[moqui_temp5210463266529033468WEB-INF_lib_jetty-util-10.0.9.jar.:10.0.9]
	at org.eclipse.jetty.util.thread.strategy.AdaptiveExecutionStrategy.consumeTask(AdaptiveExecutionStrategy.java:381) ~[moqui_temp5210463266529033468WEB-INF_lib_jetty-util-10.0.9.jar.:10.0.9]
	at org.eclipse.jetty.util.thread.strategy.AdaptiveExecutionStrategy.tryProduce(AdaptiveExecutionStrategy.java:268) ~[moqui_temp5210463266529033468WEB-INF_lib_jetty-util-10.0.9.jar.:10.0.9]
	at org.eclipse.jetty.util.thread.strategy.AdaptiveExecutionStrategy.lambda$new$0(AdaptiveExecutionStrategy.java:138) ~[moqui_temp5210463266529033468WEB-INF_lib_jetty-util-10.0.9.jar.:10.0.9]
	at org.eclipse.jetty.util.thread.ReservedThreadExecutor$ReservedThread.run(ReservedThreadExecutor.java:407) ~[moqui_temp5210463266529033468WEB-INF_lib_jetty-util-10.0.9.jar.:10.0.9]
	at org.eclipse.jetty.util.thread.QueuedThreadPool.runJob(QueuedThreadPool.java:894) ~[moqui_temp5210463266529033468WEB-INF_lib_jetty-util-10.0.9.jar.:10.0.9]
	at org.eclipse.jetty.util.thread.QueuedThreadPool$Runner.run(QueuedThreadPool.java:1038) ~[moqui_temp5210463266529033468WEB-INF_lib_jetty-util-10.0.9.jar.:10.0.9]
	at java.lang.Thread.run(Thread.java:829) ~[?:?]
Caused by: org.moqui.BaseException: Error parsing XML from file:/home/rong/Documents/IAM-Document/training-moqui/moqui-framework-3.0.0/runtime/component/training/service/kienservice/KienServices.xml
	at org.moqui.util.MNode.parse(MNode.java:107) ~[moqui_temp5617948398888602235WEB-INF_lib_moqui-framework-3.0.0.jar.:3.0.0]
	at org.moqui.util.MNode.parse(MNode.java:67) ~[moqui_temp5617948398888602235WEB-INF_lib_moqui-framework-3.0.0.jar.:3.0.0]
	at org.moqui.util.MNode.parse(MNode.java:58) ~[moqui_temp5617948398888602235WEB-INF_lib_moqui-framework-3.0.0.jar.:3.0.0]
	at org.moqui.impl.service.ServiceFacadeImpl.findServicesInFile(ServiceFacadeImpl.groovy:361) ~[moqui_temp5617948398888602235WEB-INF_lib_moqui-framework-3.0.0.jar.:3.0.0]
	at org.moqui.impl.service.ServiceFacadeImpl.findServicesInDir(ServiceFacadeImpl.groovy:356) ~[moqui_temp5617948398888602235WEB-INF_lib_moqui-framework-3.0.0.jar.:3.0.0]
	at org.moqui.impl.service.ServiceFacadeImpl.findServicesInDir(ServiceFacadeImpl.groovy:351) ~[moqui_temp5617948398888602235WEB-INF_lib_moqui-framework-3.0.0.jar.:3.0.0]
	at org.moqui.impl.service.ServiceFacadeImpl.getKnownServiceNames(ServiceFacadeImpl.groovy:318) ~[moqui_temp5617948398888602235WEB-INF_lib_moqui-framework-3.0.0.jar.:3.0.0]
	at jdk.internal.reflect.NativeMethodAccessorImpl.invoke0(Native Method) ~[?:?]
	at jdk.internal.reflect.NativeMethodAccessorImpl.invoke(NativeMethodAccessorImpl.java:62) ~[?:?]
	at jdk.internal.reflect.DelegatingMethodAccessorImpl.invoke(DelegatingMethodAccessorImpl.java:43) ~[?:?]
	at component___tools_screen_Tools_Service_ServiceReference_xml_screen_actions.run(component___tools_screen_Tools_Service_ServiceReference_xml_screen_actions:7) ~[?:?]
	at org.moqui.impl.actions.XmlAction.run(XmlAction.java:67) ~[moqui_temp5617948398888602235WEB-INF_lib_moqui-framework-3.0.0.jar.:3.0.0]
	at org.moqui.impl.screen.ScreenSection.renderSingle(ScreenSection.groovy:152) ~[moqui_temp5617948398888602235WEB-INF_lib_moqui-framework-3.0.0.jar.:3.0.0]
	at org.moqui.impl.screen.ScreenSection.render(ScreenSection.groovy:132) ~[moqui_temp5617948398888602235WEB-INF_lib_moqui-framework-3.0.0.jar.:3.0.0]
	at org.moqui.impl.screen.ScreenDefinition.render(ScreenDefinition.groovy:685) ~[moqui_temp5617948398888602235WEB-INF_lib_moqui-framework-3.0.0.jar.:3.0.0]
	at org.moqui.impl.screen.ScreenRenderImpl.doActualRender(ScreenRenderImpl.groovy:926) ~[moqui_temp5617948398888602235WEB-INF_lib_moqui-framework-3.0.0.jar.:3.0.0]
	at org.moqui.impl.screen.ScreenRenderImpl.internalRender(ScreenRenderImpl.groovy:710) ~[moqui_temp5617948398888602235WEB-INF_lib_moqui-framework-3.0.0.jar.:3.0.0]
	at org.moqui.impl.screen.ScreenRenderImpl.render(ScreenRenderImpl.groovy:170) ~[moqui_temp5617948398888602235WEB-INF_lib_moqui-framework-3.0.0.jar.:3.0.0]
	at org.moqui.impl.webapp.MoquiServlet.service(MoquiServlet.groovy:118) ~[moqui_temp5617948398888602235WEB-INF_lib_moqui-framework-3.0.0.jar.:3.0.0]
	at javax.servlet.http.HttpServlet.service(HttpServlet.java:750) ~[moqui_temp2796503123087417342WEB-INF_lib_javax.servlet-api-4.0.1.jar.:4.0.1]
	at org.moqui.impl.webapp.ElasticRequestLogFilter.doFilter(ElasticRequestLogFilter.groovy:96) ~[moqui_temp5617948398888602235WEB-INF_lib_moqui-framework-3.0.0.jar.:3.0.0]
	... 1 more
Caused by: org.xml.sax.SAXParseException: The element type "actions" must be terminated by the matching end-tag "</actions>".
	at com.sun.org.apache.xerces.internal.parsers.AbstractSAXParser.parse(AbstractSAXParser.java:1243) ~[?:?]
	at com.sun.org.apache.xerces.internal.jaxp.SAXParserImpl$JAXPSAXParser.parse(SAXParserImpl.java:635) ~[?:?]
	at org.moqui.util.MNode.parse(MNode.java:104) ~[moqui_temp5617948398888602235WEB-INF_lib_moqui-framework-3.0.0.jar.:3.0.0]
	at org.moqui.util.MNode.parse(MNode.java:67) ~[moqui_temp5617948398888602235WEB-INF_lib_moqui-framework-3.0.0.jar.:3.0.0]
	at org.moqui.util.MNode.parse(MNode.java:58) ~[moqui_temp5617948398888602235WEB-INF_lib_moqui-framework-3.0.0.jar.:3.0.0]
	at org.moqui.impl.service.ServiceFacadeImpl.findServicesInFile(ServiceFacadeImpl.groovy:361) ~[moqui_temp5617948398888602235WEB-INF_lib_moqui-framework-3.0.0.jar.:3.0.0]
	at org.moqui.impl.service.ServiceFacadeImpl.findServicesInDir(ServiceFacadeImpl.groovy:356) ~[moqui_temp5617948398888602235WEB-INF_lib_moqui-framework-3.0.0.jar.:3.0.0]
	at org.moqui.impl.service.ServiceFacadeImpl.findServicesInDir(ServiceFacadeImpl.groovy:351) ~[moqui_temp5617948398888602235WEB-INF_lib_moqui-framework-3.0.0.jar.:3.0.0]
	at org.moqui.impl.service.ServiceFacadeImpl.getKnownServiceNames(ServiceFacadeImpl.groovy:318) ~[moqui_temp5617948398888602235WEB-INF_lib_moqui-framework-3.0.0.jar.:3.0.0]
	at jdk.internal.reflect.NativeMethodAccessorImpl.invoke0(Native Method) ~[?:?]
	at jdk.internal.reflect.NativeMethodAccessorImpl.invoke(NativeMethodAccessorImpl.java:62) ~[?:?]
	at jdk.internal.reflect.DelegatingMethodAccessorImpl.invoke(DelegatingMethodAccessorImpl.java:43) ~[?:?]
	at java.lang.reflect.Method.invoke(Method.java:566) ~[?:?]
	at org.codehaus.groovy.reflection.CachedMethod.invoke(CachedMethod.java:107) ~[moqui_temp17297075094203998209WEB-INF_lib_groovy-3.0.9.jar.:3.0.9]
	at groovy.lang.MetaMethod.doMethodInvoke(MetaMethod.java:323) ~[moqui_temp17297075094203998209WEB-INF_lib_groovy-3.0.9.jar.:3.0.9]
	at org.codehaus.groovy.runtime.metaclass.MethodMetaProperty$GetBeanMethodMetaProperty.getProperty(MethodMetaProperty.java:76) ~[moqui_temp17297075094203998209WEB-INF_lib_groovy-3.0.9.jar.:3.0.9]
	at org.codehaus.groovy.runtime.callsite.GetEffectivePogoPropertySite.getProperty(GetEffectivePogoPropertySite.java:85) ~[moqui_temp17297075094203998209WEB-INF_lib_groovy-3.0.9.jar.:3.0.9]
	at org.codehaus.groovy.runtime.callsite.AbstractCallSite.callGetProperty(AbstractCallSite.java:329) ~[moqui_temp17297075094203998209WEB-INF_lib_groovy-3.0.9.jar.:3.0.9]
	at component___tools_screen_Tools_Service_ServiceReference_xml_screen_actions.run(component___tools_screen_Tools_Service_ServiceReference_xml_screen_actions:7) ~[?:?]
	at org.moqui.impl.actions.XmlAction.run(XmlAction.java:67) ~[moqui_temp5617948398888602235WEB-INF_lib_moqui-framework-3.0.0.jar.:3.0.0]
	at org.moqui.impl.screen.ScreenSection.renderSingle(ScreenSection.groovy:152) ~[moqui_temp5617948398888602235WEB-INF_lib_moqui-framework-3.0.0.jar.:3.0.0]
	at org.moqui.impl.screen.ScreenSection.render(ScreenSection.groovy:132) ~[moqui_temp5617948398888602235WEB-INF_lib_moqui-framework-3.0.0.jar.:3.0.0]
	at org.moqui.impl.screen.ScreenDefinition.render(ScreenDefinition.groovy:685) ~[moqui_temp5617948398888602235WEB-INF_lib_moqui-framework-3.0.0.jar.:3.0.0]
	at org.moqui.impl.screen.ScreenRenderImpl.doActualRender(ScreenRenderImpl.groovy:926) ~[moqui_temp5617948398888602235WEB-INF_lib_moqui-framework-3.0.0.jar.:3.0.0]
	... 45 more
--- 2022-10-09 20:09:08.176 [           main] ERROR  org.moqui.impl.entity.EntityDatasourceFactoryImpl [] []
 Error connecting to DataSource transactional (h2), try 1 of 5: java.lang.reflect.InaccessibleObjectException: Unable to make protected final java.lang.Class java.lang.ClassLoader.defineClass(java.lang.String,byte[],int,int,java.security.ProtectionDomain) throws java.lang.ClassFormatError accessible: module java.base does not "opens java.lang" to unnamed module @16d04d3d
--- 2022-10-09 20:09:13.194 [           main] ERROR  org.moqui.impl.entity.EntityDatasourceFactoryImpl [] []
 Error connecting to DataSource transactional (h2), try 2 of 5: java.lang.NoClassDefFoundError: Could not initialize class bitronix.tm.resource.jdbc.proxy.JdbcProxyFactory
--- 2022-10-09 20:09:18.219 [           main] ERROR  org.moqui.impl.entity.EntityDatasourceFactoryImpl [] []
 Error connecting to DataSource transactional (h2), try 3 of 5: java.lang.NoClassDefFoundError: Could not initialize class bitronix.tm.resource.jdbc.proxy.JdbcProxyFactory
--- 2022-10-09 20:09:23.242 [           main] ERROR  org.moqui.impl.entity.EntityDatasourceFactoryImpl [] []
 Error connecting to DataSource transactional (h2), try 4 of 5: java.lang.NoClassDefFoundError: Could not initialize class bitronix.tm.resource.jdbc.proxy.JdbcProxyFactory
--- 2022-10-09 20:09:28.263 [           main] ERROR         org.moqui.impl.webapp.MoquiContextListener [] []
 Error initializing webapp context: java.lang.reflect.InvocationTargetException
java.lang.reflect.InvocationTargetException: null
	at jdk.internal.reflect.NativeConstructorAccessorImpl.newInstance0(Native Method) ~[?:?]
	at jdk.internal.reflect.NativeConstructorAccessorImpl.newInstance(NativeConstructorAccessorImpl.java:77) ~[?:?]
	at jdk.internal.reflect.DelegatingConstructorAccessorImpl.newInstance(DelegatingConstructorAccessorImpl.java:45) ~[?:?]
	at java.lang.reflect.Constructor.newInstanceWithCaller(Constructor.java:499) ~[?:?]
	at java.lang.reflect.Constructor.newInstance(Constructor.java:480) ~[?:?]
	at org.moqui.Moqui.dynamicInit(Moqui.java:62) ~[moqui_temp3261119145513752832WEB-INF_lib_moqui-framework-3.0.0.jar.:3.0.0]
	at org.moqui.impl.webapp.MoquiContextListener.contextInitialized(MoquiContextListener.groovy:68) ~[moqui_temp3261119145513752832WEB-INF_lib_moqui-framework-3.0.0.jar.:3.0.0]
	at org.eclipse.jetty.server.handler.ContextHandler.callContextInitialized(ContextHandler.java:1043) ~[moqui_temp1022578070710716832execlib_jetty-server-10.0.9.jar.:10.0.9]
	at org.eclipse.jetty.servlet.ServletContextHandler.callContextInitialized(ServletContextHandler.java:624) ~[moqui_temp4072839240390222264execlib_jetty-servlet-10.0.9.jar.:10.0.9]
	at org.eclipse.jetty.server.handler.ContextHandler.contextInitialized(ContextHandler.java:978) ~[moqui_temp1022578070710716832execlib_jetty-server-10.0.9.jar.:10.0.9]
	at org.eclipse.jetty.servlet.ServletHandler.initialize(ServletHandler.java:705) ~[moqui_temp4072839240390222264execlib_jetty-servlet-10.0.9.jar.:10.0.9]
	at org.eclipse.jetty.servlet.ServletContextHandler.startContext(ServletContextHandler.java:392) ~[moqui_temp4072839240390222264execlib_jetty-servlet-10.0.9.jar.:10.0.9]
	at org.eclipse.jetty.webapp.WebAppContext.startContext(WebAppContext.java:1304) ~[moqui_temp10307250031149355997execlib_jetty-webapp-10.0.9.jar.:10.0.9]
	at org.eclipse.jetty.server.handler.ContextHandler.doStart(ContextHandler.java:895) ~[moqui_temp1022578070710716832execlib_jetty-server-10.0.9.jar.:10.0.9]
	at org.eclipse.jetty.servlet.ServletContextHandler.doStart(ServletContextHandler.java:306) ~[moqui_temp4072839240390222264execlib_jetty-servlet-10.0.9.jar.:10.0.9]
	at org.eclipse.jetty.webapp.WebAppContext.doStart(WebAppContext.java:532) ~[moqui_temp10307250031149355997execlib_jetty-webapp-10.0.9.jar.:10.0.9]
	at org.eclipse.jetty.util.component.AbstractLifeCycle.start(AbstractLifeCycle.java:93) ~[moqui_temp8441631437692454942WEB-INF_lib_jetty-util-10.0.9.jar.:10.0.9]
	at org.eclipse.jetty.util.component.ContainerLifeCycle.start(ContainerLifeCycle.java:171) ~[moqui_temp8441631437692454942WEB-INF_lib_jetty-util-10.0.9.jar.:10.0.9]
	at org.eclipse.jetty.util.component.ContainerLifeCycle.doStart(ContainerLifeCycle.java:114) ~[moqui_temp8441631437692454942WEB-INF_lib_jetty-util-10.0.9.jar.:10.0.9]
	at org.eclipse.jetty.server.handler.AbstractHandler.doStart(AbstractHandler.java:89) ~[moqui_temp1022578070710716832execlib_jetty-server-10.0.9.jar.:10.0.9]
	at org.eclipse.jetty.server.handler.gzip.GzipHandler.doStart(GzipHandler.java:220) ~[moqui_temp1022578070710716832execlib_jetty-server-10.0.9.jar.:10.0.9]
	at org.eclipse.jetty.util.component.AbstractLifeCycle.start(AbstractLifeCycle.java:93) ~[moqui_temp8441631437692454942WEB-INF_lib_jetty-util-10.0.9.jar.:10.0.9]
	at org.eclipse.jetty.util.component.ContainerLifeCycle.start(ContainerLifeCycle.java:171) ~[moqui_temp8441631437692454942WEB-INF_lib_jetty-util-10.0.9.jar.:10.0.9]
	at org.eclipse.jetty.server.Server.start(Server.java:469) ~[moqui_temp1022578070710716832execlib_jetty-server-10.0.9.jar.:10.0.9]
	at org.eclipse.jetty.util.component.ContainerLifeCycle.doStart(ContainerLifeCycle.java:114) ~[moqui_temp8441631437692454942WEB-INF_lib_jetty-util-10.0.9.jar.:10.0.9]
	at org.eclipse.jetty.server.handler.AbstractHandler.doStart(AbstractHandler.java:89) ~[moqui_temp1022578070710716832execlib_jetty-server-10.0.9.jar.:10.0.9]
	at org.eclipse.jetty.server.Server.doStart(Server.java:414) ~[moqui_temp1022578070710716832execlib_jetty-server-10.0.9.jar.:10.0.9]
	at org.eclipse.jetty.util.component.AbstractLifeCycle.start(AbstractLifeCycle.java:93) ~[moqui_temp8441631437692454942WEB-INF_lib_jetty-util-10.0.9.jar.:10.0.9]
	at jdk.internal.reflect.NativeMethodAccessorImpl.invoke0(Native Method) ~[?:?]
	at jdk.internal.reflect.NativeMethodAccessorImpl.invoke(NativeMethodAccessorImpl.java:77) ~[?:?]
	at jdk.internal.reflect.DelegatingMethodAccessorImpl.invoke(DelegatingMethodAccessorImpl.java:43) ~[?:?]
	at java.lang.reflect.Method.invoke(Method.java:568) ~[?:?]
	at MoquiStart.main(MoquiStart.java:301) ~[moqui.war:?]
Caused by: java.lang.NoClassDefFoundError: Could not initialize class bitronix.tm.resource.jdbc.proxy.JdbcProxyFactory
	at bitronix.tm.resource.jdbc.JdbcPooledConnection.getConnectionHandle(JdbcPooledConnection.java:436) ~[moqui_temp1902903372549042177WEB-INF_lib_btm-3.0.0-20161020.jar.:3.0.0-SNAPSHOT]
	at bitronix.tm.resource.jdbc.JdbcPooledConnection.getConnectionHandle(JdbcPooledConnection.java:315) ~[moqui_temp1902903372549042177WEB-INF_lib_btm-3.0.0-20161020.jar.:3.0.0-SNAPSHOT]
	at bitronix.tm.resource.common.XAPool.getConnectionHandle(XAPool.java:189) ~[moqui_temp1902903372549042177WEB-INF_lib_btm-3.0.0-20161020.jar.:3.0.0-SNAPSHOT]
	at bitronix.tm.resource.jdbc.PoolingDataSource.startRecovery(PoolingDataSource.java:356) ~[moqui_temp1902903372549042177WEB-INF_lib_btm-3.0.0-20161020.jar.:3.0.0-SNAPSHOT]
	at bitronix.tm.recovery.IncrementalRecoverer.recover(IncrementalRecoverer.java:54) ~[moqui_temp1902903372549042177WEB-INF_lib_btm-3.0.0-20161020.jar.:3.0.0-SNAPSHOT]
	at bitronix.tm.resource.ResourceRegistrar.register(ResourceRegistrar.java:104) ~[moqui_temp1902903372549042177WEB-INF_lib_btm-3.0.0-20161020.jar.:3.0.0-SNAPSHOT]
	at bitronix.tm.resource.jdbc.PoolingDataSource.buildXAPool(PoolingDataSource.java:107) ~[moqui_temp1902903372549042177WEB-INF_lib_btm-3.0.0-20161020.jar.:3.0.0-SNAPSHOT]
	at bitronix.tm.resource.jdbc.PoolingDataSource.init(PoolingDataSource.java:87) ~[moqui_temp1902903372549042177WEB-INF_lib_btm-3.0.0-20161020.jar.:3.0.0-SNAPSHOT]
	at org.moqui.impl.context.TransactionInternalBitronix.getDataSource(TransactionInternalBitronix.groovy:150) ~[moqui_temp3261119145513752832WEB-INF_lib_moqui-framework-3.0.0.jar.:3.0.0]
	at org.moqui.impl.entity.EntityDatasourceFactoryImpl.init(EntityDatasourceFactoryImpl.groovy:84) ~[moqui_temp3261119145513752832WEB-INF_lib_moqui-framework-3.0.0.jar.:3.0.0]
	at org.moqui.impl.entity.EntityFacadeImpl.initAllDatasources(EntityFacadeImpl.groovy:293) ~[moqui_temp3261119145513752832WEB-INF_lib_moqui-framework-3.0.0.jar.:3.0.0]
	at org.moqui.impl.entity.EntityFacadeImpl.<init>(EntityFacadeImpl.groovy:148) ~[moqui_temp3261119145513752832WEB-INF_lib_moqui-framework-3.0.0.jar.:3.0.0]
	at org.moqui.impl.context.ExecutionContextFactoryImpl.<init>(ExecutionContextFactoryImpl.groovy:230) ~[moqui_temp3261119145513752832WEB-INF_lib_moqui-framework-3.0.0.jar.:3.0.0]
	... 33 more
--- 2022-10-09 20:10:30.741 [           main] ERROR  org.moqui.impl.entity.EntityDatasourceFactoryImpl [] []
 Error connecting to DataSource transactional (h2), try 1 of 5: java.lang.reflect.InaccessibleObjectException: Unable to make protected final java.lang.Class java.lang.ClassLoader.defineClass(java.lang.String,byte[],int,int,java.security.ProtectionDomain) throws java.lang.ClassFormatError accessible: module java.base does not "opens java.lang" to unnamed module @15eb5ee5
--- 2022-10-09 20:10:35.770 [           main] ERROR  org.moqui.impl.entity.EntityDatasourceFactoryImpl [] []
 Error connecting to DataSource transactional (h2), try 2 of 5: java.lang.NoClassDefFoundError: Could not initialize class bitronix.tm.resource.jdbc.proxy.JdbcProxyFactory
--- 2022-10-09 20:10:40.786 [           main] ERROR  org.moqui.impl.entity.EntityDatasourceFactoryImpl [] []
 Error connecting to DataSource transactional (h2), try 3 of 5: java.lang.NoClassDefFoundError: Could not initialize class bitronix.tm.resource.jdbc.proxy.JdbcProxyFactory
--- 2022-10-09 20:10:45.810 [           main] ERROR  org.moqui.impl.entity.EntityDatasourceFactoryImpl [] []
 Error connecting to DataSource transactional (h2), try 4 of 5: java.lang.NoClassDefFoundError: Could not initialize class bitronix.tm.resource.jdbc.proxy.JdbcProxyFactory
--- 2022-10-09 20:57:08.692 [           main] ERROR           org.moqui.impl.context.ElasticFacadeImpl [] []
 Error initializing ElasticClient for cluster default: java.util.concurrent.ExecutionException: java.net.ConnectException: Connection refused: no further information
--- 2022-10-09 20:57:08.883 [           main] ERROR      org.moqui.impl.webapp.ElasticRequestLogFilter [] []
 In ElasticRequestLogFilter init could not find ElasticClient with name logger or default, not starting
--- 2022-10-09 21:44:26.248 [p1887699190-119] ERROR                   org.moqui.impl.actions.XmlAction [] []
 Error parsing groovy String at [kienservice.KienServices.response#TakeInfor]:
1 : import static org.moqui.util.ObjectUtilities.*
2 : import static org.moqui.util.CollectionUtilities.*
3 : import static org.moqui.util.StringUtilities.*
4 : import java.sql.Timestamp
5 : // these are in the context by default: ExecutionContext ec, Map<String, Object> context, Map<String, Object> result
6 : 
7 : // begin inline script
8 : File myFile = new File("C:\Users\Kien-PC\Desktop\province.txt")
9 :                 Scanner myReader = new Scanner(myObj);
10 :                   while (myReader.hasNextLine()) {
11 :                     String data = myReader.nextLine();
12 :                     tenTinh = data
13 :                   }
14 :                 myReader.close();
15 : // end inline script
16 : // make sure the last statement is not considered the return value
17 : return;


--- 2022-10-09 21:44:26.640 [p1887699190-119] ERROR           org.moqui.impl.context.MessageFacadeImpl [] []
 startup failed:
kienservice_KienServices_response_TakeInfor: 8: Unexpected character: '"' @ line 8, column 24.
   File myFile = new File("C:\Users\Kien-PC\Desktop\province.txt")
                          ^

1 error

--- 2022-10-09 21:54:50.754 [p1887699190-101] ERROR                   org.moqui.impl.actions.XmlAction [] []
 Error running groovy script (groovy.lang.MissingMethodException: No signature of method: kienservice_KienServices_response_Ptrinh.sqrt() is applicable for argument types: (Integer) values: [0]
Possible solutions: wait(), wait(long), wait(long, int), split(groovy.lang.Closure), run(), run()): 
1 : import static org.moqui.util.ObjectUtilities.*
2 : import static org.moqui.util.CollectionUtilities.*
3 : import static org.moqui.util.StringUtilities.*
4 : import java.sql.Timestamp
5 : // these are in the context by default: ExecutionContext ec, Map<String, Object> context, Map<String, Object> result
6 : 
7 : // begin inline script
8 : if(a == 0 ){
9 :                     x = -c / b
10 :                 }else if(b == 0){
11 :                     x = -sqrt(c / a)
12 :                     x1 = sqrt(c / a)
13 :                 }else{
14 :                     delta = b*b - 4*a*c
15 :                     if(delta < 0){ x ="Phýõng tr?nh vô nghi?m !"}
16 :                     else if(delta = 0){x = -b / 2*a}
17 :                     else{
18 :                         x = (-b + sqrt(delta)) / 2*a
19 :                         x1 = (-b - sqrt(delta)) / 2*a
20 :                     }
21 :                 }
22 : // end inline script
23 : // make sure the last statement is not considered the return value
24 : return;


--- 2022-10-09 21:54:50.764 [p1887699190-101] ERROR           org.moqui.impl.context.MessageFacadeImpl [] []
 No signature of method: kienservice_KienServices_response_Ptrinh.sqrt() is applicable for argument types: (Integer) values: [0]
Possible solutions: wait(), wait(long), wait(long, int), split(groovy.lang.Closure), run(), run()
--- 2022-10-09 21:55:08.379 [p1887699190-154] ERROR                   org.moqui.impl.actions.XmlAction [] []
 Error running groovy script (groovy.lang.MissingMethodException: No signature of method: kienservice_KienServices_response_Ptrinh.sqrt() is applicable for argument types: (Integer) values: [0]
Possible solutions: wait(), wait(long), wait(long, int), split(groovy.lang.Closure), run(), run()): 
1 : import static org.moqui.util.ObjectUtilities.*
2 : import static org.moqui.util.CollectionUtilities.*
3 : import static org.moqui.util.StringUtilities.*
4 : import java.sql.Timestamp
5 : // these are in the context by default: ExecutionContext ec, Map<String, Object> context, Map<String, Object> result
6 : 
7 : // begin inline script
8 : if(a == 0 ){
9 :                     x = -c / b
10 :                 }else if(b == 0){
11 :                     x = -sqrt(c / a)
12 :                     x1 = sqrt(c / a)
13 :                 }else{
14 :                     delta = b*b - 4*a*c
15 :                     if(delta < 0){ x ="Phýõng tr?nh vô nghi?m !"}
16 :                     else if(delta = 0){x = -b / 2*a}
17 :                     else{
18 :                         x = (-b + sqrt(delta)) / 2*a
19 :                         x1 = (-b - sqrt(delta)) / 2*a
20 :                     }
21 :                 }
22 : // end inline script
23 : // make sure the last statement is not considered the return value
24 : return;


--- 2022-10-09 21:55:08.392 [p1887699190-154] ERROR           org.moqui.impl.context.MessageFacadeImpl [] []
 No signature of method: kienservice_KienServices_response_Ptrinh.sqrt() is applicable for argument types: (Integer) values: [0]
Possible solutions: wait(), wait(long), wait(long, int), split(groovy.lang.Closure), run(), run()
--- 2022-10-09 21:58:41.923 [p1887699190-101] ERROR                   org.moqui.impl.actions.XmlAction [] []
 Error running groovy script (groovy.lang.MissingMethodException: No signature of method: kienservice_KienServices_response_Ptrinh.sqrt() is applicable for argument types: (Integer) values: [0]
Possible solutions: wait(), wait(long), wait(long, int), split(groovy.lang.Closure), run(), run()): 
1 : import static org.moqui.util.ObjectUtilities.*
2 : import static org.moqui.util.CollectionUtilities.*
3 : import static org.moqui.util.StringUtilities.*
4 : import java.sql.Timestamp
5 : // these are in the context by default: ExecutionContext ec, Map<String, Object> context, Map<String, Object> result
6 : 
7 : // begin inline script
8 : if(a == 0 ){
9 :                     x = -c / b
10 :                 }else if(b == 0){
11 :                     x = -sqrt(c / a)
12 :                     x1 = sqrt(c / a)
13 :                 }else{
14 :                     delta = b*b - 4*a*c
15 :                     if(delta < 0){ x ="Phýõng tr?nh vô nghi?m !"}
16 :                     else if(delta = 0){x = -b / 2*a}
17 :                     else{
18 :                         x = (-b + sqrt(delta)) / 2*a
19 :                         x1 = (-b - sqrt(delta)) / 2*a
20 :                     }
21 :                 }
22 : // end inline script
23 : // make sure the last statement is not considered the return value
24 : return;


--- 2022-10-09 21:58:41.931 [p1887699190-101] ERROR           org.moqui.impl.context.MessageFacadeImpl [] []
 No signature of method: kienservice_KienServices_response_Ptrinh.sqrt() is applicable for argument types: (Integer) values: [0]
Possible solutions: wait(), wait(long), wait(long, int), split(groovy.lang.Closure), run(), run()
--- 2022-10-09 22:00:38.488 [p1887699190-119] ERROR                   org.moqui.impl.actions.XmlAction [] []
 Error running groovy script (groovy.lang.MissingMethodException: No signature of method: kienservice_KienServices_response_Ptrinh.sqrt() is applicable for argument types: (Integer) values: [0]
Possible solutions: wait(), wait(long), wait(long, int), split(groovy.lang.Closure), run(), run()): 
1 : import static org.moqui.util.ObjectUtilities.*
2 : import static org.moqui.util.CollectionUtilities.*
3 : import static org.moqui.util.StringUtilities.*
4 : import java.sql.Timestamp
5 : // these are in the context by default: ExecutionContext ec, Map<String, Object> context, Map<String, Object> result
6 : 
7 : // begin inline script
8 : if(a == 0 ){
9 :                     x = -c / b
10 :                 }else if(b == 0){
11 :                     x = -sqrt(c / a)
12 :                     x1 = sqrt(c / a)
13 :                 }else{
14 :                     delta = b*b - 4*a*c
15 :                     if(delta < 0){ x ="Phýõng tr?nh vô nghi?m !"}
16 :                     else if(delta = 0){x = -b / 2*a}
17 :                     else{
18 :                         x = (-b + sqrt(delta)) / 2*a
19 :                         x1 = (-b - sqrt(delta)) / 2*a
20 :                     }
21 :                 }
22 : // end inline script
23 : // make sure the last statement is not considered the return value
24 : return;


--- 2022-10-09 22:00:38.493 [p1887699190-119] ERROR           org.moqui.impl.context.MessageFacadeImpl [] []
 No signature of method: kienservice_KienServices_response_Ptrinh.sqrt() is applicable for argument types: (Integer) values: [0]
Possible solutions: wait(), wait(long), wait(long, int), split(groovy.lang.Closure), run(), run()
--- 2022-10-09 22:00:55.335 [p1887699190-119] ERROR                   org.moqui.impl.actions.XmlAction [] []
 Error running groovy script (groovy.lang.MissingMethodException: No signature of method: kienservice_KienServices_response_Ptrinh.sqrt() is applicable for argument types: (Integer) values: [0]
Possible solutions: wait(), wait(long), wait(long, int), split(groovy.lang.Closure), run(), run()): 
1 : import static org.moqui.util.ObjectUtilities.*
2 : import static org.moqui.util.CollectionUtilities.*
3 : import static org.moqui.util.StringUtilities.*
4 : import java.sql.Timestamp
5 : // these are in the context by default: ExecutionContext ec, Map<String, Object> context, Map<String, Object> result
6 : 
7 : // begin inline script
8 : if(a == 0 ){
9 :                     x = -c / b
10 :                 }else if(b == 0){
11 :                     x = -sqrt(c / a)
12 :                     x1 = sqrt(c / a)
13 :                 }else{
14 :                     delta = b*b - 4*a*c
15 :                     if(delta < 0){ x ="Phýõng tr?nh vô nghi?m !"}
16 :                     else if(delta = 0){x = -b / 2*a}
17 :                     else{
18 :                         x = (-b + sqrt(delta)) / 2*a
19 :                         x1 = (-b - sqrt(delta)) / 2*a
20 :                     }
21 :                 }
22 : // end inline script
23 : // make sure the last statement is not considered the return value
24 : return;


--- 2022-10-09 22:00:55.337 [p1887699190-119] ERROR           org.moqui.impl.context.MessageFacadeImpl [] []
 No signature of method: kienservice_KienServices_response_Ptrinh.sqrt() is applicable for argument types: (Integer) values: [0]
Possible solutions: wait(), wait(long), wait(long, int), split(groovy.lang.Closure), run(), run()
--- 2022-10-09 22:01:53.055 [p1887699190-154] ERROR                   org.moqui.impl.actions.XmlAction [] []
 Error running groovy script (groovy.lang.MissingMethodException: No signature of method: kienservice_KienServices_response_Ptrinh.sqrt() is applicable for argument types: (Integer) values: [0]
Possible solutions: wait(), wait(long), wait(long, int), split(groovy.lang.Closure), run(), run()): 
1 : import static org.moqui.util.ObjectUtilities.*
2 : import static org.moqui.util.CollectionUtilities.*
3 : import static org.moqui.util.StringUtilities.*
4 : import java.sql.Timestamp
5 : // these are in the context by default: ExecutionContext ec, Map<String, Object> context, Map<String, Object> result
6 : 
7 : // begin inline script
8 : if(a == 0 ){
9 :                     x = -c / b
10 :                 }else if(b == 0){
11 :                     x = -sqrt(c / a)
12 :                     x1 = sqrt(c / a)
13 :                 }else{
14 :                     delta = b*b - 4*a*c
15 :                     if(delta < 0){ x ="Phýõng tr?nh vô nghi?m !"}
16 :                     else if(delta = 0){x = -b / 2*a}
17 :                     else{
18 :                         x = (-b + sqrt(delta)) / 2*a
19 :                         x1 = (-b - sqrt(delta)) / 2*a
20 :                     }
21 :                 }
22 : // end inline script
23 : // make sure the last statement is not considered the return value
24 : return;


--- 2022-10-09 22:01:53.060 [p1887699190-154] ERROR           org.moqui.impl.context.MessageFacadeImpl [] []
 No signature of method: kienservice_KienServices_response_Ptrinh.sqrt() is applicable for argument types: (Integer) values: [0]
Possible solutions: wait(), wait(long), wait(long, int), split(groovy.lang.Closure), run(), run()
--- 2022-10-09 22:34:01.693 [p1887699190-171] ERROR                   org.moqui.impl.actions.XmlAction [] []
 Error parsing groovy String at [kienservice.KienServices.response#Ptrinh]:
1 : import static org.moqui.util.ObjectUtilities.*
2 : import static org.moqui.util.CollectionUtilities.*
3 : import static org.moqui.util.StringUtilities.*
4 : import java.sql.Timestamp
5 : // these are in the context by default: ExecutionContext ec, Map<String, Object> context, Map<String, Object> result
6 : 
7 : // begin inline script
8 : import java.math;
9 :                 if(a == 0 ){
10 :                     x = -c / b
11 :                     x1 = null
12 :                 }else if(b == 0){
13 :                     x = -Math.sqrt(c / a)
14 :                     x1 = Math.sqrt(c / a)
15 :                 }else{
16 :                     delta = b*b - 4*a*c
17 :                     if(delta < 0){ x ="Phýõng tr?nh vô nghi?m !"}
18 :                     else if(delta = 0){x = -b / 2*a ;x1 = x}
19 :                     else{
20 :                         x = (-b + Math.sqrt(delta)) / 2*a
21 :                         x1 = (-b - Math.sqrt(delta)) / 2*a
22 :                     }
23 :                 }
24 : // end inline script
25 : // make sure the last statement is not considered the return value
26 : return;


--- 2022-10-09 22:34:01.696 [p1887699190-171] ERROR           org.moqui.impl.context.MessageFacadeImpl [] []
 startup failed:
kienservice_KienServices_response_Ptrinh: 8: unable to resolve class java.math
 @ line 8, column 1.
   import java.math;
   ^

1 error

--- 2022-10-09 22:57:49.312 [p1887699190-206] ERROR                   org.moqui.impl.actions.XmlAction [] []
 Error parsing groovy String at [kienservice.KienServices.response#TakeInfor]:
1 : import static org.moqui.util.ObjectUtilities.*
2 : import static org.moqui.util.CollectionUtilities.*
3 : import static org.moqui.util.StringUtilities.*
4 : import java.sql.Timestamp
5 : // these are in the context by default: ExecutionContext ec, Map<String, Object> context, Map<String, Object> result
6 : 
7 : // begin inline script
8 : import java.io.File;
9 :             import java.io.FileNotFoundException;
10 :             import java.util.Scanner;
11 :             File myFile = new File("C:\Users\Kien-PC\Desktop\province.txt")
12 :             Scanner myRead = new Scanner(myFile)
13 :             while(myRead.hasNextLine()){
14 :                 tenTinh = myRead.nextLine()
15 :             }
16 :             myRead.close()
17 : // end inline script
18 : // make sure the last statement is not considered the return value
19 : return;


--- 2022-10-09 22:57:49.317 [p1887699190-206] ERROR           org.moqui.impl.context.MessageFacadeImpl [] []
 startup failed:
kienservice_KienServices_response_TakeInfor: 11: Unexpected character: '"' @ line 11, column 36.
               File myFile = new File("C:\Users\Kien-PC\Desktop\province.txt")
                                      ^

1 error

--- 2022-10-09 23:00:18.965 [p1887699190-214] ERROR                   org.moqui.impl.actions.XmlAction [] []
 Error parsing groovy String at [kienservice.KienServices.response#TakeInfor]:
1 : import static org.moqui.util.ObjectUtilities.*
2 : import static org.moqui.util.CollectionUtilities.*
3 : import static org.moqui.util.StringUtilities.*
4 : import java.sql.Timestamp
5 : // these are in the context by default: ExecutionContext ec, Map<String, Object> context, Map<String, Object> result
6 : 
7 : // begin inline script
8 : import java.io.File;
9 :             import java.io.FileNotFoundException;
10 :             import java.util.Scanner;
11 :             try{
12 :                 File myFile = new File("C:\Users\Kien-PC\Desktop\province.txt")
13 :                 Scanner myRead = new Scanner(myFile)
14 :                 while(myRead.hasNextLine()){
15 :                     tenTinh = myRead.nextLine()
16 :                 }
17 :                 myRead.close()
18 :             }catch(FileNotFoundException e)
19 :                 e.printStackTrace()
20 : // end inline script
21 : // make sure the last statement is not considered the return value
22 : return;


--- 2022-10-09 23:00:18.969 [p1887699190-214] ERROR           org.moqui.impl.context.MessageFacadeImpl [] []
 startup failed:
kienservice_KienServices_response_TakeInfor: 12: Unexpected character: '"' @ line 12, column 40.
                   File myFile = new File("C:\Users\Kien-PC\Desktop\province.txt")
                                          ^

1 error

--- 2022-10-09 23:00:49.633 [p1887699190-206] ERROR                   org.moqui.impl.actions.XmlAction [] []
 Error parsing groovy String at [kienservice.KienServices.response#TakeInfor]:
1 : import static org.moqui.util.ObjectUtilities.*
2 : import static org.moqui.util.CollectionUtilities.*
3 : import static org.moqui.util.StringUtilities.*
4 : import java.sql.Timestamp
5 : // these are in the context by default: ExecutionContext ec, Map<String, Object> context, Map<String, Object> result
6 : 
7 : // begin inline script
8 : import java.io.File;
9 :             import java.io.FileNotFoundException;
10 :             import java.util.Scanner;
11 :             try{
12 :                 File myFile = new File("C:\Users\Kien-PC\Desktop\province.txt")
13 :                 Scanner myRead = new Scanner(myFile)
14 :                 while(myRead.hasNextLine()){
15 :                     tenTinh = myRead.nextLine()
16 :                 }
17 :                 myRead.close()
18 :             }catch(FileNotFoundException e)
19 :                 e.printStackTrace()
20 : // end inline script
21 : // make sure the last statement is not considered the return value
22 : return;


--- 2022-10-09 23:00:49.636 [p1887699190-206] ERROR           org.moqui.impl.context.MessageFacadeImpl [] []
 startup failed:
kienservice_KienServices_response_TakeInfor: 12: Unexpected character: '"' @ line 12, column 40.
                   File myFile = new File("C:\Users\Kien-PC\Desktop\province.txt")
                                          ^

1 error

--- 2022-10-09 23:29:32.667 [p1887699190-214] ERROR                   org.moqui.impl.actions.XmlAction [] []
 Error parsing groovy String at [kienservice.KienServices.response#TakeInfor]:
1 : import static org.moqui.util.ObjectUtilities.*
2 : import static org.moqui.util.CollectionUtilities.*
3 : import static org.moqui.util.StringUtilities.*
4 : import java.sql.Timestamp
5 : // these are in the context by default: ExecutionContext ec, Map<String, Object> context, Map<String, Object> result
6 : 
7 : // begin inline script
8 : import java.io.File;
9 :             import java.io.FileNotFoundException;
10 :             import java.util.Scanner;
11 :             try{
12 :                 File myFile = new File("province.txt")
13 :                 Scanner myRead = new Scanner(myFile)
14 :                 while(myRead.hasNextLine()){
15 :                     tenTinh = myRead.nextLine()
16 :                 }
17 :                 myRead.close()
18 :             }catch(FileNotFoundException e)
19 :                 e.printStackTrace()
20 : // end inline script
21 : // make sure the last statement is not considered the return value
22 : return;


--- 2022-10-09 23:29:32.670 [p1887699190-214] ERROR           org.moqui.impl.context.MessageFacadeImpl [] []
 startup failed:
kienservice_KienServices_response_TakeInfor: 19: Unexpected input: 'e' @ line 19, column 17.
                   e.printStackTrace()
                   ^

1 error

--- 2022-10-09 23:29:45.882 [p1887699190-214] ERROR                   org.moqui.impl.actions.XmlAction [] []
 Error parsing groovy String at [kienservice.KienServices.response#TakeInfor]:
1 : import static org.moqui.util.ObjectUtilities.*
2 : import static org.moqui.util.CollectionUtilities.*
3 : import static org.moqui.util.StringUtilities.*
4 : import java.sql.Timestamp
5 : // these are in the context by default: ExecutionContext ec, Map<String, Object> context, Map<String, Object> result
6 : 
7 : // begin inline script
8 : import java.io.File;
9 :             import java.io.FileNotFoundException;
10 :             import java.util.Scanner;
11 :             try{
12 :                 File myFile = new File("C:\Users\Kien-PC\Desktop\province.txt")
13 :                 Scanner myRead = new Scanner(myFile)
14 :                 while(myRead.hasNextLine()){
15 :                     tenTinh = myRead.nextLine()
16 :                 }
17 :                 myRead.close()
18 :             }catch(FileNotFoundException e)
19 :                 e.printStackTrace()
20 : // end inline script
21 : // make sure the last statement is not considered the return value
22 : return;


--- 2022-10-09 23:29:45.885 [p1887699190-214] ERROR           org.moqui.impl.context.MessageFacadeImpl [] []
 startup failed:
kienservice_KienServices_response_TakeInfor: 12: Unexpected character: '"' @ line 12, column 40.
                   File myFile = new File("C:\Users\Kien-PC\Desktop\province.txt")
                                          ^

1 error

--- 2022-10-09 23:30:05.089 [p1887699190-216] ERROR                   org.moqui.impl.actions.XmlAction [] []
 Error parsing groovy String at [kienservice.KienServices.response#TakeInfor]:
1 : import static org.moqui.util.ObjectUtilities.*
2 : import static org.moqui.util.CollectionUtilities.*
3 : import static org.moqui.util.StringUtilities.*
4 : import java.sql.Timestamp
5 : // these are in the context by default: ExecutionContext ec, Map<String, Object> context, Map<String, Object> result
6 : 
7 : // begin inline script
8 : import java.io.File;
9 :             import java.io.FileNotFoundException;
10 :             import java.util.Scanner;
11 :             try{
12 :                 File myFile = new File("C:\Users\Kien-PC\Desktop\province.txt")
13 :                 Scanner myRead = new Scanner(myFile)
14 :                 while(myRead.hasNextLine()){
15 :                     tenTinh = myRead.nextLine()
16 :                 }
17 :                 myRead.close()
18 :             }catch(FileNotFoundException e)
19 :                 e.printStackTrace()
20 : // end inline script
21 : // make sure the last statement is not considered the return value
22 : return;


--- 2022-10-09 23:30:05.091 [p1887699190-216] ERROR           org.moqui.impl.context.MessageFacadeImpl [] []
 startup failed:
kienservice_KienServices_response_TakeInfor: 12: Unexpected character: '"' @ line 12, column 40.
                   File myFile = new File("C:\Users\Kien-PC\Desktop\province.txt")
                                          ^

1 error

--- 2022-10-09 23:40:23.547 [p1887699190-206] ERROR                   org.moqui.impl.actions.XmlAction [] []
 Error parsing groovy String at [kienservice.KienServices.response#TakeInfor]:
1 : import static org.moqui.util.ObjectUtilities.*
2 : import static org.moqui.util.CollectionUtilities.*
3 : import static org.moqui.util.StringUtilities.*
4 : import java.sql.Timestamp
5 : // these are in the context by default: ExecutionContext ec, Map<String, Object> context, Map<String, Object> result
6 : 
7 : // begin inline script
8 : import java.io.File;
9 :             import java.io.FileNotFoundException;
10 :             import java.io.FileReader;
11 :             import java.io.BufferedReader;
12 :             try{
13 :                 FileReader myFile = new FileReader("C:\Users\Kien-PC\Desktop\province.txt")
14 :                 BufferReader myRead = new BufferReader(myFile)
15 :                 StringBuffer chuoi = new StringBuffer()
16 : 
17 :                 while((line = myRead.readLine) != null){
18 :                     chuoi.append(line)
19 :                     chuoi.append("\n")
20 :                 }
21 :                 myRead.close()
22 :             }catch(FileNotFoundException e)
23 :                 e.printStackTrace()
24 :              catch(IOException e1)
25 :                 e1.printStackTrace()
26 : // end inline script
27 : // make sure the last statement is not considered the return value
28 : return;


--- 2022-10-09 23:40:23.590 [p1887699190-206] ERROR           org.moqui.impl.context.MessageFacadeImpl [] []
 startup failed:
kienservice_KienServices_response_TakeInfor: 13: Unexpected character: '"' @ line 13, column 52.
   eader myFile = new FileReader("C:\Users\
                                 ^

1 error

--- 2022-10-09 23:41:38.166 [p1887699190-281] ERROR                   org.moqui.impl.actions.XmlAction [] []
 Error parsing groovy String at [kienservice.KienServices.response#TakeInfor]:
1 : import static org.moqui.util.ObjectUtilities.*
2 : import static org.moqui.util.CollectionUtilities.*
3 : import static org.moqui.util.StringUtilities.*
4 : import java.sql.Timestamp
5 : // these are in the context by default: ExecutionContext ec, Map<String, Object> context, Map<String, Object> result
6 : 
7 : // begin inline script
8 : import java.io.File;
9 :             import java.io.FileNotFoundException;
10 :             import java.io.FileReader;
11 :             import java.io.BufferedReader;
12 :             try{
13 :                 FileReader myFile = new FileReader("./province.txt")
14 :                 BufferReader myRead = new BufferReader(myFile)
15 :                 StringBuffer chuoi = new StringBuffer()
16 : 
17 :                 while((line = myRead.readLine) != null){
18 :                     chuoi.append(line)
19 :                     chuoi.append("\n")
20 :                 }
21 :                 myRead.close()
22 :             }catch(FileNotFoundException e)
23 :                 e.printStackTrace()
24 :              catch(IOException e1)
25 :                 e1.printStackTrace()
26 : // end inline script
27 : // make sure the last statement is not considered the return value
28 : return;


--- 2022-10-09 23:41:38.170 [p1887699190-281] ERROR           org.moqui.impl.context.MessageFacadeImpl [] []
 startup failed:
kienservice_KienServices_response_TakeInfor: 23: Unexpected input: 'e' @ line 23, column 17.
                   e.printStackTrace()
                   ^

1 error

--- 2022-10-09 23:41:50.976 [p1887699190-294] ERROR                   org.moqui.impl.actions.XmlAction [] []
 Error parsing groovy String at [kienservice.KienServices.response#TakeInfor]:
1 : import static org.moqui.util.ObjectUtilities.*
2 : import static org.moqui.util.CollectionUtilities.*
3 : import static org.moqui.util.StringUtilities.*
4 : import java.sql.Timestamp
5 : // these are in the context by default: ExecutionContext ec, Map<String, Object> context, Map<String, Object> result
6 : 
7 : // begin inline script
8 : import java.io.File;
9 :             import java.io.FileNotFoundException;
10 :             import java.io.FileReader;
11 :             import java.io.BufferedReader;
12 :             try{
13 :                 FileReader myFile = new FileReader("../province.txt")
14 :                 BufferReader myRead = new BufferReader(myFile)
15 :                 StringBuffer chuoi = new StringBuffer()
16 : 
17 :                 while((line = myRead.readLine) != null){
18 :                     chuoi.append(line)
19 :                     chuoi.append("\n")
20 :                 }
21 :                 myRead.close()
22 :             }catch(FileNotFoundException e)
23 :                 e.printStackTrace()
24 :              catch(IOException e1)
25 :                 e1.printStackTrace()
26 : // end inline script
27 : // make sure the last statement is not considered the return value
28 : return;


--- 2022-10-09 23:41:50.981 [p1887699190-294] ERROR           org.moqui.impl.context.MessageFacadeImpl [] []
 startup failed:
kienservice_KienServices_response_TakeInfor: 23: Unexpected input: 'e' @ line 23, column 17.
                   e.printStackTrace()
                   ^

1 error

--- 2022-10-09 23:42:58.114 [p1887699190-245] ERROR                   org.moqui.impl.actions.XmlAction [] []
 Error parsing groovy String at [kienservice.KienServices.response#TakeInfor]:
1 : import static org.moqui.util.ObjectUtilities.*
2 : import static org.moqui.util.CollectionUtilities.*
3 : import static org.moqui.util.StringUtilities.*
4 : import java.sql.Timestamp
5 : // these are in the context by default: ExecutionContext ec, Map<String, Object> context, Map<String, Object> result
6 : 
7 : // begin inline script
8 : import java.io.File;
9 :             import java.io.FileNotFoundException;
10 :             import java.io.FileReader;
11 :             import java.io.BufferedReader;
12 :             try{
13 :                 FileReader myFile = new FileReader("province.txt")
14 :                 BufferReader myRead = new BufferReader(myFile)
15 :                 StringBuffer chuoi = new StringBuffer()
16 : 
17 :                 while((line = myRead.readLine) != null){
18 :                     chuoi.append(line)
19 :                     chuoi.append("\n")
20 :                 }
21 :                 myRead.close()
22 :             }catch(FileNotFoundException e)
23 :                 e.printStackTrace()
24 :              catch(IOException e1)
25 :                 e1.printStackTrace()
26 : // end inline script
27 : // make sure the last statement is not considered the return value
28 : return;


--- 2022-10-09 23:42:58.119 [p1887699190-245] ERROR           org.moqui.impl.context.MessageFacadeImpl [] []
 startup failed:
kienservice_KienServices_response_TakeInfor: 23: Unexpected input: 'e' @ line 23, column 17.
                   e.printStackTrace()
                   ^

1 error

--- 2022-10-09 23:44:28.315 [p1887699190-279] ERROR                   org.moqui.impl.actions.XmlAction [] []
 Error parsing groovy String at [kienservice.KienServices.response#TakeInfor]:
1 : import static org.moqui.util.ObjectUtilities.*
2 : import static org.moqui.util.CollectionUtilities.*
3 : import static org.moqui.util.StringUtilities.*
4 : import java.sql.Timestamp
5 : // these are in the context by default: ExecutionContext ec, Map<String, Object> context, Map<String, Object> result
6 : 
7 : // begin inline script
8 : import java.io.File;
9 :             import java.io.FileNotFoundException;
10 :             import java.io.FileReader;
11 :             import java.io.BufferedReader;
12 :             try{
13 :                 FileReader myFile = new FileReader("C:\Users\Kien-PC\Desktop\province.txt")
14 :                 BufferReader myRead = new BufferReader(myFile)
15 :                 StringBuffer chuoi = new StringBuffer()
16 : 
17 :                 while((line = myRead.readLine) != null){
18 :                     chuoi.append(line)
19 :                     chuoi.append("\n")
20 :                 }
21 :                 myRead.close()
22 :             }catch(FileNotFoundException e)
23 :                 e.printStackTrace()
24 :              catch(IOException e1)
25 :                 e1.printStackTrace()
26 : // end inline script
27 : // make sure the last statement is not considered the return value
28 : return;


--- 2022-10-09 23:44:28.317 [p1887699190-279] ERROR           org.moqui.impl.context.MessageFacadeImpl [] []
 startup failed:
kienservice_KienServices_response_TakeInfor: 13: Unexpected character: '"' @ line 13, column 52.
   eader myFile = new FileReader("C:\Users\
                                 ^

1 error

--- 2022-10-09 23:48:36.706 [p1887699190-295] ERROR                   org.moqui.impl.actions.XmlAction [] []
 Error parsing groovy String at [kienservice.KienServices.response#TakeInfor]:
1 : import static org.moqui.util.ObjectUtilities.*
2 : import static org.moqui.util.CollectionUtilities.*
3 : import static org.moqui.util.StringUtilities.*
4 : import java.sql.Timestamp
5 : // these are in the context by default: ExecutionContext ec, Map<String, Object> context, Map<String, Object> result
6 : 
7 : // begin inline script
8 : import java.io.File;
9 :             import java.io.FileNotFoundException;
10 :             import java.io.FileReader;
11 :             import java.io.BufferedReader;
12 :             try{
13 :                 FileReader myFile = new FileReader("C:\Users\Kien-PC\Desktop\province.txt");
14 :                 BufferReader myRead = new BufferReader(myFile)
15 :                 StringBuffer chuoi = new StringBuffer()
16 : 
17 :                 while((line = myRead.readLine) != null){
18 :                     chuoi.append(line)
19 :                     chuoi.append("\n")
20 :                 }
21 :                 myRead.close()
22 :             }catch(FileNotFoundException e)
23 :                 e.printStackTrace()
24 :              catch(IOException e1)
25 :                 e1.printStackTrace()
26 : // end inline script
27 : // make sure the last statement is not considered the return value
28 : return;


--- 2022-10-09 23:48:36.708 [p1887699190-295] ERROR           org.moqui.impl.context.MessageFacadeImpl [] []
 startup failed:
kienservice_KienServices_response_TakeInfor: 13: Unexpected character: '"' @ line 13, column 52.
   eader myFile = new FileReader("C:\Users\
                                 ^

1 error

--- 2022-10-09 23:50:32.246 [p1887699190-297] ERROR                   org.moqui.impl.actions.XmlAction [] []
 Error parsing groovy String at [kienservice.KienServices.response#TakeInfor]:
1 : import static org.moqui.util.ObjectUtilities.*
2 : import static org.moqui.util.CollectionUtilities.*
3 : import static org.moqui.util.StringUtilities.*
4 : import java.sql.Timestamp
5 : // these are in the context by default: ExecutionContext ec, Map<String, Object> context, Map<String, Object> result
6 : 
7 : // begin inline script
8 : import java.io.File;
9 :             import java.io.FileNotFoundException;
10 :             import java.io.FileReader;
11 :             import java.io.BufferedReader;
12 :             try{
13 :                 File file = new File("C:\Users\Kien-PC\Desktop\province.txt")
14 :                 FileReader myFile = new FileReader(file)
15 :                 BufferReader myRead = new BufferReader(myFile)
16 :                 StringBuffer chuoi = new StringBuffer()
17 : 
18 :                 while((line = myRead.readLine) != null){
19 :                     chuoi.append(line)
20 :                     chuoi.append("\n")
21 :                 }
22 :                 myRead.close()
23 :             }catch(FileNotFoundException e)
24 :                 e.printStackTrace()
25 :              catch(IOException e1)
26 :                 e1.printStackTrace()
27 : // end inline script
28 : // make sure the last statement is not considered the return value
29 : return;


--- 2022-10-09 23:50:32.248 [p1887699190-297] ERROR           org.moqui.impl.context.MessageFacadeImpl [] []
 startup failed:
kienservice_KienServices_response_TakeInfor: 13: Unexpected character: '"' @ line 13, column 38.
                   File file = new File("C:\Users\Kien-PC\Desktop\province.txt")
                                        ^

1 error

--- 2022-10-09 23:53:26.874 [p1887699190-214] ERROR                   org.moqui.impl.actions.XmlAction [] []
 Error parsing groovy String at [kienservice.KienServices.response#TakeInfor]:
1 : import static org.moqui.util.ObjectUtilities.*
2 : import static org.moqui.util.CollectionUtilities.*
3 : import static org.moqui.util.StringUtilities.*
4 : import java.sql.Timestamp
5 : // these are in the context by default: ExecutionContext ec, Map<String, Object> context, Map<String, Object> result
6 : 
7 : // begin inline script
8 : import java.io.File;
9 :             import java.io.FileNotFoundException;
10 :             import java.io.FileReader;
11 :             import java.io.BufferedReader;
12 :             try{
13 :                 File file = new File("C:\Users\Kien-PC\Desktop\province.txt")
14 :                 FileReader myFile = new FileReader(file)
15 :                 BufferReader myRead = new BufferReader(myFile)
16 :                 StringBuffer chuoi = new StringBuffer()
17 : 
18 :                 while((line = myRead.readLine) != null){
19 :                     chuoi.append(line)
20 :                     chuoi.append("\n")
21 :                 }
22 :                 myRead.close()
23 :             }catch(FileNotFoundException e)
24 :                 e.printStackTrace()
25 :              catch(IOException e1)
26 :                 e1.printStackTrace()
27 : // end inline script
28 : // make sure the last statement is not considered the return value
29 : return;


--- 2022-10-09 23:53:26.875 [p1887699190-214] ERROR           org.moqui.impl.context.MessageFacadeImpl [] []
 startup failed:
kienservice_KienServices_response_TakeInfor: 13: Unexpected character: '"' @ line 13, column 38.
                   File file = new File("C:\Users\Kien-PC\Desktop\province.txt")
                                        ^

1 error

--- 2022-10-09 23:54:09.040 [p1887699190-314] ERROR                   org.moqui.impl.actions.XmlAction [] []
 Error parsing groovy String at [kienservice.KienServices.response#TakeInfor]:
1 : import static org.moqui.util.ObjectUtilities.*
2 : import static org.moqui.util.CollectionUtilities.*
3 : import static org.moqui.util.StringUtilities.*
4 : import java.sql.Timestamp
5 : // these are in the context by default: ExecutionContext ec, Map<String, Object> context, Map<String, Object> result
6 : 
7 : // begin inline script
8 : import java.io.File;
9 :             import java.io.FileNotFoundException;
10 :             import java.io.FileReader;
11 :             import java.io.BufferedReader;
12 :             try{
13 :                 File file = new File('C:\Users\Kien-PC\Desktop\province.txt')
14 :                 FileReader myFile = new FileReader(file)
15 :                 BufferReader myRead = new BufferReader(myFile)
16 :                 StringBuffer chuoi = new StringBuffer()
17 : 
18 :                 while((line = myRead.readLine) != null){
19 :                     chuoi.append(line)
20 :                     chuoi.append("\n")
21 :                 }
22 :                 myRead.close()
23 :             }catch(FileNotFoundException e)
24 :                 e.printStackTrace()
25 :              catch(IOException e1)
26 :                 e1.printStackTrace()
27 : // end inline script
28 : // make sure the last statement is not considered the return value
29 : return;


--- 2022-10-09 23:54:09.059 [p1887699190-314] ERROR           org.moqui.impl.context.MessageFacadeImpl [] []
 startup failed:
kienservice_KienServices_response_TakeInfor: 13: Unexpected character: '\'' @ line 13, column 38.
                   File file = new File('C:\Users\Kien-PC\Desktop\province.txt')
                                        ^

1 error

--- 2022-10-09 23:54:25.911 [p1887699190-295] ERROR                   org.moqui.impl.actions.XmlAction [] []
 Error parsing groovy String at [kienservice.KienServices.response#TakeInfor]:
1 : import static org.moqui.util.ObjectUtilities.*
2 : import static org.moqui.util.CollectionUtilities.*
3 : import static org.moqui.util.StringUtilities.*
4 : import java.sql.Timestamp
5 : // these are in the context by default: ExecutionContext ec, Map<String, Object> context, Map<String, Object> result
6 : 
7 : // begin inline script
8 : import java.io.File;
9 :             import java.io.FileNotFoundException;
10 :             import java.io.FileReader;
11 :             import java.io.BufferedReader;
12 :             try{
13 :                 File file = new File(" C:\Users\Kien-PC\Desktop\province.txt ")
14 :                 FileReader myFile = new FileReader(file)
15 :                 BufferReader myRead = new BufferReader(myFile)
16 :                 StringBuffer chuoi = new StringBuffer()
17 : 
18 :                 while((line = myRead.readLine) != null){
19 :                     chuoi.append(line)
20 :                     chuoi.append("\n")
21 :                 }
22 :                 myRead.close()
23 :             }catch(FileNotFoundException e)
24 :                 e.printStackTrace()
25 :              catch(IOException e1)
26 :                 e1.printStackTrace()
27 : // end inline script
28 : // make sure the last statement is not considered the return value
29 : return;


--- 2022-10-09 23:54:25.913 [p1887699190-295] ERROR           org.moqui.impl.context.MessageFacadeImpl [] []
 startup failed:
kienservice_KienServices_response_TakeInfor: 13: Unexpected character: '"' @ line 13, column 38.
                   File file = new File(" C:\Users\Kien-PC\Desktop\province.txt ")
                                        ^

1 error

--- 2022-10-09 23:54:47.680 [p1887699190-308] ERROR                   org.moqui.impl.actions.XmlAction [] []
 Error parsing groovy String at [kienservice.KienServices.response#TakeInfor]:
1 : import static org.moqui.util.ObjectUtilities.*
2 : import static org.moqui.util.CollectionUtilities.*
3 : import static org.moqui.util.StringUtilities.*
4 : import java.sql.Timestamp
5 : // these are in the context by default: ExecutionContext ec, Map<String, Object> context, Map<String, Object> result
6 : 
7 : // begin inline script
8 : import java.io.File;
9 :             import java.io.FileNotFoundException;
10 :             import java.io.FileReader;
11 :             import java.io.BufferedReader;
12 :             try{
13 :                 File file = new File("province.txt")
14 :                 FileReader myFile = new FileReader(file)
15 :                 BufferReader myRead = new BufferReader(myFile)
16 :                 StringBuffer chuoi = new StringBuffer()
17 : 
18 :                 while((line = myRead.readLine) != null){
19 :                     chuoi.append(line)
20 :                     chuoi.append("\n")
21 :                 }
22 :                 myRead.close()
23 :             }catch(FileNotFoundException e)
24 :                 e.printStackTrace()
25 :              catch(IOException e1)
26 :                 e1.printStackTrace()
27 : // end inline script
28 : // make sure the last statement is not considered the return value
29 : return;


--- 2022-10-09 23:54:47.684 [p1887699190-308] ERROR           org.moqui.impl.context.MessageFacadeImpl [] []
 startup failed:
kienservice_KienServices_response_TakeInfor: 24: Unexpected input: 'e' @ line 24, column 17.
                   e.printStackTrace()
                   ^

1 error

--- 2022-10-09 23:55:16.179 [p1887699190-314] ERROR                   org.moqui.impl.actions.XmlAction [] []
 Error parsing groovy String at [kienservice.KienServices.response#TakeInfor]:
1 : import static org.moqui.util.ObjectUtilities.*
2 : import static org.moqui.util.CollectionUtilities.*
3 : import static org.moqui.util.StringUtilities.*
4 : import java.sql.Timestamp
5 : // these are in the context by default: ExecutionContext ec, Map<String, Object> context, Map<String, Object> result
6 : 
7 : // begin inline script
8 : import java.io.File;
9 :             import java.io.FileNotFoundException;
10 :             import java.io.FileReader;
11 :             import java.io.BufferedReader;
12 :             try{
13 :                 File file = new File("province.txt")
14 :                 FileReader myFile = new FileReader(file)
15 :                 BufferReader myRead = new BufferReader(myFile)
16 :                 StringBuffer chuoi = new StringBuffer()
17 : 
18 :                 while((line = myRead.readLine) != null){
19 :                     chuoi.append(line)
20 :                     chuoi.append("\n")
21 :                 }
22 :                 myRead.close()
23 :             }catch(FileNotFoundException e)
24 :                 e.printStackTrace()
25 :              catch(IOException e1)
26 :                 e1.printStackTrace()
27 : // end inline script
28 : // make sure the last statement is not considered the return value
29 : return;


--- 2022-10-09 23:55:16.182 [p1887699190-314] ERROR           org.moqui.impl.context.MessageFacadeImpl [] []
 startup failed:
kienservice_KienServices_response_TakeInfor: 24: Unexpected input: 'e' @ line 24, column 17.
                   e.printStackTrace()
                   ^

1 error

--- 2022-10-09 23:57:25.229 [p1887699190-245] ERROR                   org.moqui.impl.actions.XmlAction [] []
 Error parsing groovy String at [kienservice.KienServices.response#TakeInfor]:
1 : import static org.moqui.util.ObjectUtilities.*
2 : import static org.moqui.util.CollectionUtilities.*
3 : import static org.moqui.util.StringUtilities.*
4 : import java.sql.Timestamp
5 : // these are in the context by default: ExecutionContext ec, Map<String, Object> context, Map<String, Object> result
6 : 
7 : // begin inline script
8 : import java.io.File;
9 :             import java.io.FileNotFoundException;
10 :             import java.io.FileReader;
11 :             import java.io.BufferedReader;
12 :             try{
13 :                 File file = new File("/province.txt")
14 :                 FileReader myFile = new FileReader(file)
15 :                 BufferReader myRead = new BufferReader(myFile)
16 :                 StringBuffer chuoi = new StringBuffer()
17 : 
18 :                 while((line = myRead.readLine) != null){
19 :                     chuoi.append(line)
20 :                     chuoi.append("\n")
21 :                 }
22 :                 myRead.close()
23 :             }catch(FileNotFoundException e)
24 :                 e.printStackTrace()
25 :              catch(IOException e1)
26 :                 e1.printStackTrace()
27 : // end inline script
28 : // make sure the last statement is not considered the return value
29 : return;


--- 2022-10-09 23:57:25.234 [p1887699190-245] ERROR           org.moqui.impl.context.MessageFacadeImpl [] []
 startup failed:
kienservice_KienServices_response_TakeInfor: 24: Unexpected input: 'e' @ line 24, column 17.
                   e.printStackTrace()
                   ^

1 error

