--- 2022-10-12 00:25:21.408 [           main] ERROR           org.moqui.impl.context.ElasticFacadeImpl [] []
 Error initializing ElasticClient for cluster default: java.util.concurrent.ExecutionException: java.net.ConnectException: Connection refused: no further information
--- 2022-10-12 00:25:21.610 [           main] ERROR      org.moqui.impl.webapp.ElasticRequestLogFilter [] []
 In ElasticRequestLogFilter init could not find ElasticClient with name logger or default, not starting
--- 2022-10-12 00:26:38.629 [tp1887699190-56] ERROR                   org.moqui.impl.actions.XmlAction [] []
 Error running groovy script (org.moqui.service.ServiceException: Could not find service with name Sum): 
1 : import static org.moqui.util.ObjectUtilities.*
2 : import static org.moqui.util.CollectionUtilities.*
3 : import static org.moqui.util.StringUtilities.*
4 : import java.sql.Timestamp
5 : // these are in the context by default: ExecutionContext ec, Map<String, Object> context, Map<String, Object> result
6 :     if (true) {
7 :         def call_service_result = ec.service.sync().name("Sum")
8 :             .parameters([inValue:inValue, inValue1:inValue1,  sum:'outValue']).call()
9 :         if (outValue != null) { if (call_service_result) outValue.putAll(call_service_result) } else { outValue = call_service_result }
10 :         if (ec.message.hasError()) return
11 :     }
12 : 
13 : // begin inline script
14 : 
15 : // end inline script
16 : // make sure the last statement is not considered the return value
17 : return;


--- 2022-10-12 00:26:38.650 [tp1887699190-56] ERROR           org.moqui.impl.context.MessageFacadeImpl [] []
 Could not find service with name Sum
--- 2022-10-12 00:31:53.503 [tp1887699190-58] ERROR                   org.moqui.impl.actions.XmlAction [] []
 Error running groovy script (org.moqui.service.ServiceException: Service not found with name KienServices.Sum): 
1 : import static org.moqui.util.ObjectUtilities.*
2 : import static org.moqui.util.CollectionUtilities.*
3 : import static org.moqui.util.StringUtilities.*
4 : import java.sql.Timestamp
5 : // these are in the context by default: ExecutionContext ec, Map<String, Object> context, Map<String, Object> result
6 :     if (true) {
7 :         def call_service_result = ec.service.sync().name("KienServices.Sum")
8 :             .parameters([inValue:inValue, inValue1:inValue1,  sum:'outValue']).call()
9 :         if (outValue != null) { if (call_service_result) outValue.putAll(call_service_result) } else { outValue = call_service_result }
10 :         if (ec.message.hasError()) return
11 :     }
12 : 
13 : // begin inline script
14 : 
15 : // end inline script
16 : // make sure the last statement is not considered the return value
17 : return;


--- 2022-10-12 00:31:53.507 [tp1887699190-58] ERROR           org.moqui.impl.context.MessageFacadeImpl [] []
 Service not found with name KienServices.Sum
--- 2022-10-12 00:43:37.990 [tp1887699190-95] ERROR                   org.moqui.impl.actions.XmlAction [] []
 Error parsing groovy String at [kienservice.KienServices.response#Ptrinh]:
1 : import static org.moqui.util.ObjectUtilities.*
2 : import static org.moqui.util.CollectionUtilities.*
3 : import static org.moqui.util.StringUtilities.*
4 : import java.sql.Timestamp
5 : // these are in the context by default: ExecutionContext ec, Map<String, Object> context, Map<String, Object> result
6 : 
7 : // begin inline script
8 : import java.lang.Math;
9 :                 if(a == 0 ){
10 :                     x = -c / b
11 :                     x1 = null
12 :                 }else if(b == 0){
13 :                     x = -Math.sqrt(c / a)
14 :                     x1 = Math.sqrt(c / a)
15 :                 }else{
16 :                     delta = b*b - 4*a*c
17 :                     if(delta < 0){ x ="Phýõng tr?nh vô nghi?m !"}
18 :                     else if(delta = 0){x = -b / 2*a ;x1 = x"}
19 :                     else{
20 :                         x = (-b + Math.sqrt(delta)) / 2*a
21 :                         x1 = (-b - Math.sqrt(delta)) / 2*a
22 :                     }
23 :                 }
24 : // end inline script
25 : // make sure the last statement is not considered the return value
26 : return;


--- 2022-10-12 00:43:37.997 [tp1887699190-95] ERROR           org.moqui.impl.context.MessageFacadeImpl [] []
 startup failed:
kienservice_KienServices_response_Ptrinh: 18: Unexpected character: '"' @ line 18, column 60.
   elta = 0){x = -b / 2*a ;x1 = x"}
                                 ^

1 error

--- 2022-10-12 00:44:00.013 [tp1887699190-82] ERROR                   org.moqui.impl.actions.XmlAction [] []
 Error parsing groovy String at [kienservice.KienServices.response#Ptrinh]:
1 : import static org.moqui.util.ObjectUtilities.*
2 : import static org.moqui.util.CollectionUtilities.*
3 : import static org.moqui.util.StringUtilities.*
4 : import java.sql.Timestamp
5 : // these are in the context by default: ExecutionContext ec, Map<String, Object> context, Map<String, Object> result
6 : 
7 : // begin inline script
8 : import java.lang.Math;
9 :                 if(a == 0 ){
10 :                     x = -c / b
11 :                     x1 = null
12 :                 }else if(b == 0){
13 :                     x = -Math.sqrt(c / a)
14 :                     x1 = Math.sqrt(c / a)
15 :                 }else{
16 :                     delta = b*b - 4*a*c
17 :                     if(delta < 0){ x ="Phýõng tr?nh vô nghi?m !"}
18 :                     else if(delta = 0){x = -b / 2*a ;x1 = x"}
19 :                     else{
20 :                         x = (-b + Math.sqrt(delta)) / 2*a
21 :                         x1 = (-b - Math.sqrt(delta)) / 2*a
22 :                     }
23 :                 }
24 : // end inline script
25 : // make sure the last statement is not considered the return value
26 : return;


--- 2022-10-12 00:44:00.017 [tp1887699190-82] ERROR           org.moqui.impl.context.MessageFacadeImpl [] []
 startup failed:
kienservice_KienServices_response_Ptrinh: 18: Unexpected character: '"' @ line 18, column 60.
   elta = 0){x = -b / 2*a ;x1 = x"}
                                 ^

1 error

--- 2022-10-12 00:45:36.510 [tp1887699190-82] ERROR                   org.moqui.impl.actions.XmlAction [] []
 Error running groovy script (groovy.lang.MissingMethodException: No signature of method: kienservice_KienServices_response_Ptrinh.sqrt() is applicable for argument types: (Integer) values: [0]
Possible solutions: wait(), wait(long), wait(long, int), split(groovy.lang.Closure), run(), run()): 
1 : import static org.moqui.util.ObjectUtilities.*
2 : import static org.moqui.util.CollectionUtilities.*
3 : import static org.moqui.util.StringUtilities.*
4 : import java.sql.Timestamp
5 : // these are in the context by default: ExecutionContext ec, Map<String, Object> context, Map<String, Object> result
6 : 
7 : // begin inline script
8 : import java.lang.Math;
9 :                 if(a == 0 ){
10 :                     x = -c / b
11 :                     x1 = null
12 :                 }else if(b == 0){
13 :                     x = -sqrt(c / a)
14 :                     x1 = sqrt(c / a)
15 :                 }else{
16 :                     delta = b*b - 4*a*c
17 :                     if(delta < 0){ x ="Phýõng tr?nh vô nghi?m !"}
18 :                     else if(delta = 0){x = -b / 2*a ;x1 = x}
19 :                     else{
20 :                         x = (-b + sqrt(delta)) / 2*a
21 :                         x1 = (-b - sqrt(delta)) / 2*a
22 :                     }
23 :                 }
24 : // end inline script
25 : // make sure the last statement is not considered the return value
26 : return;


--- 2022-10-12 00:45:36.521 [tp1887699190-82] ERROR           org.moqui.impl.context.MessageFacadeImpl [] []
 No signature of method: kienservice_KienServices_response_Ptrinh.sqrt() is applicable for argument types: (Integer) values: [0]
Possible solutions: wait(), wait(long), wait(long, int), split(groovy.lang.Closure), run(), run()
--- 2022-10-12 00:49:19.236 [tp1887699190-82] ERROR                   org.moqui.impl.actions.XmlAction [] []
 Error parsing groovy String at [kienservice.KienServices.response#Ptrinh]:
1 : import static org.moqui.util.ObjectUtilities.*
2 : import static org.moqui.util.CollectionUtilities.*
3 : import static org.moqui.util.StringUtilities.*
4 : import java.sql.Timestamp
5 : // these are in the context by default: ExecutionContext ec, Map<String, Object> context, Map<String, Object> result
6 : 
7 : // begin inline script
8 : import java.lang.Math;
9 : 
10 : 
11 :                     delta = b*b - 4*a*c
12 :                     if(delta < 0){ x ="Phýõng tr?nh vô nghi?m !"}
13 :                     else if(delta = 0){x = -b / 2*a ;x1 = x}
14 :                     else{
15 :                         x = (-b + Math.sqrt(delta)) / 2*a
16 :                         x1 = (-b - Math.sqrt(delta)) / 2*a
17 : // end inline script
18 : // make sure the last statement is not considered the return value
19 : return;


--- 2022-10-12 00:49:19.240 [tp1887699190-82] ERROR           org.moqui.impl.context.MessageFacadeImpl [] []
 startup failed:
kienservice_KienServices_response_Ptrinh: 21: Unexpected input: '{\n                        x = (-b + Math.sqrt(delta)) / 2*a\n                        x1 = (-b - Math.sqrt(delta)) / 2*a\n// end inline script\n// make sure the last statement is not considered the return value\nreturn;\n\n' @ line 21, column 1.
1 error

--- 2022-10-12 02:40:21.594 [tp1887699190-56] ERROR                   org.moqui.impl.actions.XmlAction [] []
 Error parsing groovy String at [kienservice.KienServices.response#CallAPI]:
1 : import static org.moqui.util.ObjectUtilities.*
2 : import static org.moqui.util.CollectionUtilities.*
3 : import static org.moqui.util.StringUtilities.*
4 : import java.sql.Timestamp
5 : // these are in the context by default: ExecutionContext ec, Map<String, Object> context, Map<String, Object> result
6 : 
7 : // begin inline script
8 : try{
9 :                 URL url = new URL("https://api.openweathermap.org/data/2.5/weather?q=Hanoi&appid=e9d1dc7ee1f7119af1604fe8004b5a71");
10 :                 HttpURLConnection conn = (HttpURLConnection) url.openConnection();
11 :                 conn.setRequestMethod("GET");
12 :                 conn.connect();
13 :                 int resspon = conn.getResponseCode();
14 :                 if(resspon != 200){
15 :                 throw new RuntimeErrorException(null, "Loi vcl" + resspon);
16 :                 }else{
17 : 
18 :                 StringBuilder inforString = new StringBuilder();
19 :                 Scanner scan = new Scanner(url.openStream());
20 :                 while(scan.hasNext()){
21 :                     inforString.append(scan.nextLine());
22 :                     }
23 :                     scan.close();
24 :                     outValue = inforString
25 :                 }
26 :             }catch(Exception e){
27 :             }
28 : // end inline script
29 : // make sure the last statement is not considered the return value
30 : return;


--- 2022-10-12 02:40:21.602 [tp1887699190-56] ERROR           org.moqui.impl.context.MessageFacadeImpl [] []
 startup failed:
kienservice_KienServices_response_CallAPI: 15: unable to resolve class RuntimeErrorException
 @ line 15, column 23.
                   throw new RuntimeErrorException(null, "Loi vcl" + resspon);
                         ^

1 error

